TN:
SF:src/app/api/account/balance/route.ts
FN:27,GET
FN:62,POST
FNF:2
FNH:0
FNDA:0,GET
FNDA:0,POST
DA:1,0
DA:2,0
DA:3,0
DA:6,0
DA:27,0
DA:28,0
DA:29,0
DA:31,0
DA:32,0
DA:42,0
DA:49,0
DA:51,0
DA:62,0
DA:63,0
DA:64,0
DA:66,0
DA:67,0
DA:70,0
DA:71,0
DA:74,0
DA:76,0
DA:79,0
DA:86,0
DA:88,0
LF:24
LH:0
BRDA:31,0,0,0
BRDA:54,1,0,0
BRDA:54,1,1,0
BRDA:66,2,0,0
BRDA:74,3,0,0
BRDA:91,4,0,0
BRDA:91,4,1,0
BRF:7
BRH:0
end_of_record
TN:
SF:src/app/api/ai/generate-strategy/route.ts
FN:14,POST
FN:98,GET
FNF:2
FNH:0
FNDA:0,POST
FNDA:0,GET
DA:1,0
DA:2,0
DA:3,0
DA:4,0
DA:5,0
DA:6,0
DA:9,0
DA:14,0
DA:15,0
DA:17,0
DA:18,0
DA:19,0
DA:25,0
DA:26,0
DA:29,0
DA:38,0
DA:39,0
DA:40,0
DA:47,0
DA:53,0
DA:56,0
DA:70,0
DA:76,0
DA:78,0
DA:79,0
DA:88,0
DA:98,0
DA:99,0
DA:101,0
DA:102,0
DA:103,0
DA:110,0
DA:120,0
DA:121,0
DA:123,0
DA:141,0
DA:142,0
LF:37
LH:0
BRDA:18,0,0,0
BRDA:39,1,0,0
BRDA:58,2,0,0
BRDA:58,2,1,0
BRDA:59,3,0,0
BRDA:59,3,1,0
BRDA:60,4,0,0
BRDA:60,4,1,0
BRDA:61,5,0,0
BRDA:61,5,1,0
BRDA:62,6,0,0
BRDA:62,6,1,0
BRDA:78,7,0,0
BRDA:91,8,0,0
BRDA:91,8,1,0
BRDA:102,9,0,0
BRDA:145,10,0,0
BRDA:145,10,1,0
BRF:18
BRH:0
end_of_record
TN:
SF:src/app/api/ai/generate-strategy-preview/route.ts
FN:15,POST
FN:152,GET
FNF:2
FNH:0
FNDA:0,POST
FNDA:0,GET
DA:1,0
DA:2,0
DA:3,0
DA:5,0
DA:6,0
DA:7,0
DA:10,0
DA:15,0
DA:16,0
DA:18,0
DA:19,0
DA:20,0
DA:27,0
DA:28,0
DA:29,0
DA:38,0
DA:39,0
DA:42,0
DA:45,0
DA:55,0
DA:56,0
DA:57,0
DA:67,0
DA:73,0
DA:77,0
DA:78,0
DA:79,0
DA:88,0
DA:97,0
DA:117,0
DA:119,0
DA:120,0
DA:130,0
DA:131,0
DA:132,0
DA:142,0
DA:152,0
DA:153,0
DA:155,0
DA:156,0
DA:157,0
DA:164,0
DA:174,0
DA:175,0
DA:177,0
DA:191,0
DA:192,0
LF:47
LH:0
BRDA:19,0,0,0
BRDA:27,1,0,0
BRDA:56,2,0,0
BRDA:78,3,0,0
BRDA:78,3,1,0
BRDA:79,4,0,0
BRDA:79,4,1,0
BRDA:100,5,0,0
BRDA:100,5,1,0
BRDA:101,6,0,0
BRDA:101,6,1,0
BRDA:119,7,0,0
BRDA:130,8,0,0
BRDA:130,8,1,0
BRDA:131,9,0,0
BRDA:131,10,0,0
BRDA:131,10,1,0
BRDA:156,11,0,0
BRDA:195,12,0,0
BRDA:195,12,1,0
BRF:20
BRH:0
end_of_record
TN:
SF:src/app/api/ai/optimize-strategy/route.ts
FN:21,POST
FNF:1
FNH:0
FNDA:0,POST
DA:1,0
DA:2,0
DA:3,0
DA:4,0
DA:5,0
DA:6,0
DA:9,0
DA:21,0
DA:22,0
DA:24,0
DA:25,0
DA:26,0
DA:32,0
DA:34,0
DA:37,0
DA:41,0
DA:42,0
DA:49,0
DA:50,0
DA:54,0
DA:63,0
DA:64,0
DA:74,0
DA:87,0
DA:88,0
DA:89,0
DA:98,0
DA:101,0
DA:102,0
DA:118,0
DA:131,0
DA:148,0
DA:154,0
DA:156,0
DA:157,0
DA:166,0
LF:36
LH:0
BRDA:25,0,0,0
BRDA:41,1,0,0
BRDA:49,2,0,0
BRDA:63,3,0,0
BRDA:88,4,0,0
BRDA:101,5,0,0
BRDA:101,5,1,0
BRDA:104,6,0,0
BRDA:104,6,1,0
BRDA:105,7,0,0
BRDA:105,7,1,0
BRDA:106,8,0,0
BRDA:106,8,1,0
BRDA:107,9,0,0
BRDA:107,9,1,0
BRDA:108,10,0,0
BRDA:108,10,1,0
BRDA:110,11,0,0
BRDA:110,11,1,0
BRDA:121,12,0,0
BRDA:121,12,1,0
BRDA:125,13,0,0
BRDA:125,13,1,0
BRDA:134,14,0,0
BRDA:134,14,1,0
BRDA:134,14,2,0
BRDA:136,15,0,0
BRDA:136,15,1,0
BRDA:136,15,2,0
BRDA:137,16,0,0
BRDA:137,16,1,0
BRDA:137,16,2,0
BRDA:139,17,0,0
BRDA:139,17,1,0
BRDA:139,17,2,0
BRDA:140,18,0,0
BRDA:140,18,1,0
BRDA:156,19,0,0
BRDA:169,20,0,0
BRDA:169,20,1,0
BRF:40
BRH:0
end_of_record
TN:
SF:src/app/api/alerts/route.ts
FN:10,GET
FN:41,(anonymous_1)
FN:57,(anonymous_2)
FN:58,(anonymous_3)
FN:59,(anonymous_4)
FN:60,(anonymous_5)
FN:61,(anonymous_6)
FN:81,POST
FN:150,determineAlertType
FN:159,determineSeverity
FN:174,generateTitle
FNF:11
FNH:0
FNDA:0,GET
FNDA:0,(anonymous_1)
FNDA:0,(anonymous_2)
FNDA:0,(anonymous_3)
FNDA:0,(anonymous_4)
FNDA:0,(anonymous_5)
FNDA:0,(anonymous_6)
FNDA:0,POST
FNDA:0,determineAlertType
FNDA:0,determineSeverity
FNDA:0,generateTitle
DA:4,0
DA:5,0
DA:6,0
DA:7,0
DA:10,0
DA:11,0
DA:12,0
DA:14,0
DA:15,0
DA:21,0
DA:22,0
DA:23,0
DA:26,0
DA:41,0
DA:55,0
DA:57,0
DA:58,0
DA:59,0
DA:60,0
DA:61,0
DA:64,0
DA:71,0
DA:73,0
DA:81,0
DA:82,0
DA:83,0
DA:85,0
DA:86,0
DA:92,0
DA:93,0
DA:96,0
DA:97,0
DA:104,0
DA:123,0
DA:140,0
DA:142,0
DA:151,0
DA:152,0
DA:153,0
DA:154,0
DA:155,0
DA:156,0
DA:160,0
DA:162,0
DA:163,0
DA:165,0
DA:166,0
DA:168,0
DA:169,0
DA:171,0
DA:175,0
DA:190,0
LF:52
LH:0
BRDA:14,0,0,0
BRDA:23,1,0,0
BRDA:23,1,1,0
BRDA:29,2,0,0
BRDA:29,2,1,0
BRDA:46,3,0,0
BRDA:46,3,1,0
BRDA:48,4,0,0
BRDA:48,4,1,0
BRDA:49,5,0,0
BRDA:49,5,1,0
BRDA:74,6,0,0
BRDA:74,6,1,0
BRDA:85,7,0,0
BRDA:96,8,0,0
BRDA:96,9,0,0
BRDA:96,9,1,0
BRDA:96,9,2,0
BRDA:96,9,3,0
BRDA:108,10,0,0
BRDA:108,10,1,0
BRDA:110,11,0,0
BRDA:110,11,1,0
BRDA:110,11,2,0
BRDA:111,12,0,0
BRDA:111,12,1,0
BRDA:143,13,0,0
BRDA:143,13,1,0
BRDA:151,14,0,0
BRDA:152,15,0,0
BRDA:152,16,0,0
BRDA:152,16,1,0
BRDA:153,17,0,0
BRDA:153,18,0,0
BRDA:153,18,1,0
BRDA:154,19,0,0
BRDA:155,20,0,0
BRDA:162,21,0,0
BRDA:162,22,0,0
BRDA:162,22,1,0
BRDA:162,22,2,0
BRDA:165,23,0,0
BRDA:165,24,0,0
BRDA:165,24,1,0
BRDA:165,24,2,0
BRDA:168,25,0,0
BRDA:168,26,0,0
BRDA:168,26,1,0
BRDA:190,27,0,0
BRDA:190,27,1,0
BRF:50
BRH:0
end_of_record
TN:
SF:src/app/api/alerts/[id]/route.ts
FN:10,PATCH
FN:80,DELETE
FNF:2
FNH:0
FNDA:0,PATCH
FNDA:0,DELETE
DA:4,0
DA:5,0
DA:6,0
DA:7,0
DA:10,0
DA:14,0
DA:15,0
DA:17,0
DA:18,0
DA:24,0
DA:25,0
DA:28,0
DA:35,0
DA:36,0
DA:43,0
DA:44,0
DA:52,0
DA:59,0
DA:70,0
DA:72,0
DA:80,0
DA:84,0
DA:85,0
DA:87,0
DA:88,0
DA:95,0
DA:102,0
DA:103,0
DA:110,0
DA:114,0
DA:120,0
DA:122,0
LF:32
LH:0
BRDA:17,0,0,0
BRDA:35,1,0,0
BRDA:43,2,0,0
BRDA:43,2,1,0
BRDA:46,3,0,0
BRDA:46,3,1,0
BRDA:47,4,0,0
BRDA:47,4,1,0
BRDA:73,5,0,0
BRDA:73,5,1,0
BRDA:87,6,0,0
BRDA:102,7,0,0
BRDA:123,8,0,0
BRDA:123,8,1,0
BRF:14
BRH:0
end_of_record
TN:
SF:src/app/api/analytics/route.ts
FN:15,GET
FN:97,(anonymous_1)
FN:105,(anonymous_2)
FN:116,(anonymous_3)
FN:140,(anonymous_4)
FN:146,(anonymous_5)
FN:154,(anonymous_6)
FNF:7
FNH:0
FNDA:0,GET
FNDA:0,(anonymous_1)
FNDA:0,(anonymous_2)
FNDA:0,(anonymous_3)
FNDA:0,(anonymous_4)
FNDA:0,(anonymous_5)
FNDA:0,(anonymous_6)
DA:1,0
DA:2,0
DA:3,0
DA:4,0
DA:5,0
DA:6,0
DA:13,0
DA:15,0
DA:16,0
DA:17,0
DA:19,0
DA:20,0
DA:23,0
DA:24,0
DA:27,0
DA:28,0
DA:30,0
DA:32,0
DA:33,0
DA:35,0
DA:36,0
DA:38,0
DA:39,0
DA:41,0
DA:42,0
DA:44,0
DA:45,0
DA:49,0
DA:63,0
DA:83,0
DA:84,0
DA:87,0
DA:90,0
DA:93,0
DA:96,0
DA:97,0
DA:98,0
DA:99,0
DA:104,0
DA:105,0
DA:106,0
DA:116,0
DA:117,0
DA:122,0
DA:128,0
DA:140,0
DA:146,0
DA:154,0
DA:166,0
DA:167,0
LF:50
LH:0
BRDA:19,0,0,0
BRDA:24,1,0,0
BRDA:24,1,1,0
BRDA:30,2,0,0
BRDA:30,2,1,0
BRDA:30,2,2,0
BRDA:30,2,3,0
BRDA:30,2,4,0
BRDA:93,3,0,0
BRDA:93,3,1,0
BRDA:98,4,0,0
BRDA:104,5,0,0
BRDA:134,6,0,0
BRDA:134,6,1,0
BRDA:139,7,0,0
BRDA:139,7,1,0
BRDA:170,8,0,0
BRDA:170,8,1,0
BRF:18
BRH:0
end_of_record
TN:
SF:src/app/api/analytics/comparison/route.ts
FN:11,GET
FN:114,(anonymous_1)
FN:117,(anonymous_2)
FN:159,getStrategyComparisonItems
FN:177,(anonymous_4)
FN:192,(anonymous_5)
FN:200,getSymbolComparisonItems
FN:218,(anonymous_7)
FN:220,(anonymous_8)
FN:228,getTimeframeComparisonItems
FN:231,(anonymous_10)
FN:239,getStrategyPerformance
FN:271,getSymbolPerformance
FN:298,getTimeframePerformance
FN:326,createComparisonResult
FN:329,(anonymous_15)
FN:372,(anonymous_16)
FN:429,calculateAverageScores
FN:432,(anonymous_18)
FN:433,(anonymous_19)
FN:440,generateComparisonInsights
FN:459,(anonymous_21)
FN:460,(anonymous_22)
FN:465,(anonymous_23)
FN:466,(anonymous_24)
FN:471,(anonymous_25)
FN:472,(anonymous_26)
FNF:27
FNH:0
FNDA:0,GET
FNDA:0,(anonymous_1)
FNDA:0,(anonymous_2)
FNDA:0,getStrategyComparisonItems
FNDA:0,(anonymous_4)
FNDA:0,(anonymous_5)
FNDA:0,getSymbolComparisonItems
FNDA:0,(anonymous_7)
FNDA:0,(anonymous_8)
FNDA:0,getTimeframeComparisonItems
FNDA:0,(anonymous_10)
FNDA:0,getStrategyPerformance
FNDA:0,getSymbolPerformance
FNDA:0,getTimeframePerformance
FNDA:0,createComparisonResult
FNDA:0,(anonymous_15)
FNDA:0,(anonymous_16)
FNDA:0,calculateAverageScores
FNDA:0,(anonymous_18)
FNDA:0,(anonymous_19)
FNDA:0,generateComparisonInsights
FNDA:0,(anonymous_21)
FNDA:0,(anonymous_22)
FNDA:0,(anonymous_23)
FNDA:0,(anonymous_24)
FNDA:0,(anonymous_25)
FNDA:0,(anonymous_26)
DA:1,0
DA:2,0
DA:3,0
DA:4,0
DA:5,0
DA:6,0
DA:9,0
DA:11,0
DA:12,0
DA:13,0
DA:15,0
DA:16,0
DA:19,0
DA:20,0
DA:21,0
DA:22,0
DA:25,0
DA:26,0
DA:28,0
DA:30,0
DA:31,0
DA:33,0
DA:34,0
DA:36,0
DA:37,0
DA:39,0
DA:40,0
DA:42,0
DA:43,0
DA:45,0
DA:46,0
DA:48,0
DA:49,0
DA:53,0
DA:63,0
DA:66,0
DA:68,0
DA:69,0
DA:71,0
DA:72,0
DA:74,0
DA:75,0
DA:77,0
DA:80,0
DA:81,0
DA:88,0
DA:90,0
DA:93,0
DA:95,0
DA:96,0
DA:98,0
DA:99,0
DA:101,0
DA:102,0
DA:104,0
DA:107,0
DA:108,0
DA:109,0
DA:114,0
DA:117,0
DA:118,0
DA:122,0
DA:136,0
DA:148,0
DA:149,0
DA:161,0
DA:177,0
DA:179,0
DA:181,0
DA:192,0
DA:202,0
DA:218,0
DA:220,0
DA:229,0
DA:231,0
DA:240,0
DA:254,0
DA:255,0
DA:257,0
DA:259,0
DA:264,0
DA:272,0
DA:286,0
DA:287,0
DA:289,0
DA:291,0
DA:301,0
DA:314,0
DA:315,0
DA:317,0
DA:319,0
DA:327,0
DA:329,0
DA:330,0
DA:332,0
DA:333,0
DA:335,0
DA:336,0
DA:338,0
DA:339,0
DA:341,0
DA:342,0
DA:344,0
DA:345,0
DA:347,0
DA:348,0
DA:350,0
DA:351,0
DA:353,0
DA:354,0
DA:356,0
DA:361,0
DA:369,0
DA:370,0
DA:372,0
DA:373,0
DA:374,0
DA:377,0
DA:379,0
DA:380,0
DA:382,0
DA:383,0
DA:385,0
DA:386,0
DA:388,0
DA:389,0
DA:391,0
DA:394,0
DA:397,0
DA:398,0
DA:401,0
DA:404,0
DA:405,0
DA:407,0
DA:408,0
DA:410,0
DA:411,0
DA:413,0
DA:414,0
DA:416,0
DA:417,0
DA:419,0
DA:430,0
DA:432,0
DA:433,0
DA:434,0
DA:437,0
DA:441,0
DA:443,0
DA:445,0
DA:446,0
DA:448,0
DA:450,0
DA:451,0
DA:453,0
DA:454,0
DA:458,0
DA:459,0
DA:460,0
DA:461,0
DA:464,0
DA:465,0
DA:466,0
DA:467,0
DA:470,0
DA:471,0
DA:472,0
DA:473,0
DA:476,0
LF:169
LH:0
BRDA:15,0,0,0
BRDA:20,1,0,0
BRDA:20,1,1,0
BRDA:21,2,0,0
BRDA:21,2,1,0
BRDA:22,3,0,0
BRDA:22,3,1,0
BRDA:28,4,0,0
BRDA:28,4,1,0
BRDA:28,4,2,0
BRDA:28,4,3,0
BRDA:28,4,4,0
BRDA:28,4,5,0
BRDA:28,4,6,0
BRDA:66,5,0,0
BRDA:66,5,1,0
BRDA:66,5,2,0
BRDA:66,5,3,0
BRDA:80,6,0,0
BRDA:93,7,0,0
BRDA:93,7,1,0
BRDA:93,7,2,0
BRDA:93,7,3,0
BRDA:107,8,0,0
BRDA:152,9,0,0
BRDA:152,9,1,0
BRDA:179,10,0,0
BRDA:257,11,0,0
BRDA:266,12,0,0
BRDA:266,12,1,0
BRDA:289,13,0,0
BRDA:317,14,0,0
BRDA:330,15,0,0
BRDA:330,15,1,0
BRDA:330,15,2,0
BRDA:330,15,3,0
BRDA:330,15,4,0
BRDA:330,15,5,0
BRDA:330,15,6,0
BRDA:330,15,7,0
BRDA:330,15,8,0
BRDA:373,16,0,0
BRDA:373,16,1,0
BRDA:377,17,0,0
BRDA:377,17,1,0
BRDA:380,18,0,0
BRDA:380,18,1,0
BRDA:383,19,0,0
BRDA:383,19,1,0
BRDA:386,20,0,0
BRDA:386,20,1,0
BRDA:389,21,0,0
BRDA:389,21,1,0
BRDA:401,22,0,0
BRDA:401,22,1,0
BRDA:407,23,0,0
BRDA:408,24,0,0
BRDA:410,25,0,0
BRDA:411,26,0,0
BRDA:413,27,0,0
BRDA:414,28,0,0
BRDA:416,29,0,0
BRDA:417,30,0,0
BRDA:434,31,0,0
BRDA:434,31,1,0
BRDA:443,32,0,0
BRDA:450,33,0,0
BRDA:458,34,0,0
BRDA:464,35,0,0
BRDA:470,36,0,0
BRF:70
BRH:0
end_of_record
TN:
SF:src/app/api/analytics/export/route.ts
FN:15,POST
FN:150,generatePDFReport
FN:159,generateExcelReport
FN:168,generateCSVReport
FN:211,(anonymous_4)
FN:221,(anonymous_5)
FN:229,(anonymous_6)
FN:237,(anonymous_7)
FNF:8
FNH:0
FNDA:0,POST
FNDA:0,generatePDFReport
FNDA:0,generateExcelReport
FNDA:0,generateCSVReport
FNDA:0,(anonymous_4)
FNDA:0,(anonymous_5)
FNDA:0,(anonymous_6)
FNDA:0,(anonymous_7)
DA:1,0
DA:2,0
DA:3,0
DA:4,0
DA:5,0
DA:6,0
DA:13,0
DA:15,0
DA:16,0
DA:17,0
DA:19,0
DA:20,0
DA:23,0
DA:24,0
DA:26,0
DA:27,0
DA:33,0
DA:34,0
DA:36,0
DA:38,0
DA:39,0
DA:41,0
DA:42,0
DA:44,0
DA:45,0
DA:47,0
DA:48,0
DA:50,0
DA:51,0
DA:53,0
DA:54,0
DA:56,0
DA:57,0
DA:61,0
DA:72,0
DA:88,0
DA:89,0
DA:91,0
DA:92,0
DA:98,0
DA:109,0
DA:111,0
DA:112,0
DA:113,0
DA:114,0
DA:118,0
DA:119,0
DA:120,0
DA:121,0
DA:123,0
DA:124,0
DA:125,0
DA:126,0
DA:128,0
DA:131,0
DA:139,0
DA:140,0
DA:156,0
DA:165,0
DA:172,0
DA:175,0
DA:176,0
DA:177,0
DA:178,0
DA:181,0
DA:182,0
DA:183,0
DA:184,0
DA:185,0
DA:186,0
DA:187,0
DA:188,0
DA:189,0
DA:190,0
DA:191,0
DA:192,0
DA:193,0
DA:194,0
DA:195,0
DA:196,0
DA:199,0
DA:200,0
DA:201,0
DA:202,0
DA:203,0
DA:204,0
DA:205,0
DA:208,0
DA:209,0
DA:211,0
DA:212,0
DA:215,0
DA:218,0
DA:219,0
DA:221,0
DA:222,0
DA:225,0
DA:228,0
DA:229,0
DA:230,0
DA:233,0
DA:236,0
DA:237,0
DA:238,0
DA:241,0
LF:105
LH:0
BRDA:19,0,0,0
BRDA:24,1,0,0
BRDA:24,2,0,0
BRDA:26,3,0,0
BRDA:26,4,0,0
BRDA:26,4,1,0
BRDA:36,5,0,0
BRDA:36,5,1,0
BRDA:36,5,2,0
BRDA:36,5,3,0
BRDA:36,5,4,0
BRDA:36,5,5,0
BRDA:36,5,6,0
BRDA:63,6,0,0
BRDA:63,6,1,0
BRDA:64,7,0,0
BRDA:64,7,1,0
BRDA:81,8,0,0
BRDA:81,8,1,0
BRDA:82,9,0,0
BRDA:82,9,1,0
BRDA:91,10,0,0
BRDA:109,11,0,0
BRDA:109,11,1,0
BRDA:109,11,2,0
BRDA:109,11,3,0
BRDA:143,12,0,0
BRDA:143,12,1,0
BRDA:178,13,0,0
BRDA:178,13,1,0
BRDA:178,14,0,0
BRDA:178,14,1,0
BRF:32
BRH:0
end_of_record
TN:
SF:src/app/api/analytics/performance/route.ts
FN:11,GET
FN:137,POST
FN:227,(anonymous_2)
FN:233,(anonymous_3)
FN:237,(anonymous_4)
FN:245,(anonymous_5)
FN:263,(anonymous_6)
FN:266,(anonymous_7)
FN:278,(anonymous_8)
FN:279,(anonymous_9)
FNF:10
FNH:0
FNDA:0,GET
FNDA:0,POST
FNDA:0,(anonymous_2)
FNDA:0,(anonymous_3)
FNDA:0,(anonymous_4)
FNDA:0,(anonymous_5)
FNDA:0,(anonymous_6)
FNDA:0,(anonymous_7)
FNDA:0,(anonymous_8)
FNDA:0,(anonymous_9)
DA:1,0
DA:2,0
DA:3,0
DA:4,0
DA:5,0
DA:6,0
DA:9,0
DA:11,0
DA:12,0
DA:13,0
DA:15,0
DA:16,0
DA:19,0
DA:20,0
DA:21,0
DA:22,0
DA:23,0
DA:26,0
DA:27,0
DA:29,0
DA:31,0
DA:32,0
DA:34,0
DA:35,0
DA:37,0
DA:38,0
DA:40,0
DA:41,0
DA:43,0
DA:44,0
DA:46,0
DA:47,0
DA:49,0
DA:50,0
DA:54,0
DA:66,0
DA:85,0
DA:86,0
DA:88,0
DA:89,0
DA:96,0
DA:97,0
DA:98,0
DA:102,0
DA:106,0
DA:112,0
DA:126,0
DA:127,0
DA:137,0
DA:138,0
DA:139,0
DA:141,0
DA:142,0
DA:145,0
DA:146,0
DA:149,0
DA:150,0
DA:154,0
DA:166,0
DA:167,0
DA:169,0
DA:170,0
DA:172,0
DA:173,0
DA:175,0
DA:176,0
DA:178,0
DA:179,0
DA:181,0
DA:182,0
DA:184,0
DA:185,0
DA:187,0
DA:188,0
DA:190,0
DA:191,0
DA:193,0
DA:197,0
DA:216,0
DA:217,0
DA:219,0
DA:220,0
DA:227,0
DA:228,0
DA:233,0
DA:236,0
DA:237,0
DA:238,0
DA:239,0
DA:241,0
DA:244,0
DA:246,0
DA:247,0
DA:256,0
DA:263,0
DA:266,0
DA:267,0
DA:270,0
DA:278,0
DA:279,0
DA:286,0
DA:287,0
LF:102
LH:0
BRDA:15,0,0,0
BRDA:20,1,0,0
BRDA:20,1,1,0
BRDA:23,2,0,0
BRDA:23,2,1,0
BRDA:29,3,0,0
BRDA:29,3,1,0
BRDA:29,3,2,0
BRDA:29,3,3,0
BRDA:29,3,4,0
BRDA:29,3,5,0
BRDA:29,3,6,0
BRDA:56,4,0,0
BRDA:56,4,1,0
BRDA:57,5,0,0
BRDA:57,5,1,0
BRDA:75,6,0,0
BRDA:75,6,1,0
BRDA:76,7,0,0
BRDA:76,7,1,0
BRDA:77,8,0,0
BRDA:77,8,1,0
BRDA:77,8,2,0
BRDA:78,9,0,0
BRDA:78,9,1,0
BRDA:88,10,0,0
BRDA:97,11,0,0
BRDA:102,12,0,0
BRDA:102,12,1,0
BRDA:130,13,0,0
BRDA:130,13,1,0
BRDA:141,14,0,0
BRDA:149,15,0,0
BRDA:156,16,0,0
BRDA:156,16,1,0
BRDA:157,17,0,0
BRDA:157,17,1,0
BRDA:158,18,0,0
BRDA:158,18,1,0
BRDA:159,19,0,0
BRDA:159,19,1,0
BRDA:169,20,0,0
BRDA:170,21,0,0
BRDA:170,21,1,0
BRDA:170,21,2,0
BRDA:170,21,3,0
BRDA:170,21,4,0
BRDA:170,21,5,0
BRDA:170,21,6,0
BRDA:206,22,0,0
BRDA:206,22,1,0
BRDA:207,23,0,0
BRDA:207,23,1,0
BRDA:208,24,0,0
BRDA:208,24,1,0
BRDA:208,24,2,0
BRDA:209,25,0,0
BRDA:209,25,1,0
BRDA:219,26,0,0
BRDA:238,27,0,0
BRDA:246,28,0,0
BRDA:246,28,1,0
BRDA:290,29,0,0
BRDA:290,29,1,0
BRF:64
BRH:0
end_of_record
TN:
SF:src/app/api/analytics/realtime/route.ts
FN:11,GET
FN:49,(anonymous_1)
FN:52,(anonymous_2)
FN:72,(anonymous_3)
FN:79,(anonymous_4)
FN:100,(anonymous_5)
FN:100,(anonymous_6)
FN:142,getMarketStatus
FN:181,calculateNextOpen
FN:191,calculateNextClose
FN:201,calculateDailyDrawdown
FN:206,generatePerformanceAlerts
FNF:12
FNH:0
FNDA:0,GET
FNDA:0,(anonymous_1)
FNDA:0,(anonymous_2)
FNDA:0,(anonymous_3)
FNDA:0,(anonymous_4)
FNDA:0,(anonymous_5)
FNDA:0,(anonymous_6)
FNDA:0,getMarketStatus
FNDA:0,calculateNextOpen
FNDA:0,calculateNextClose
FNDA:0,calculateDailyDrawdown
FNDA:0,generatePerformanceAlerts
DA:1,0
DA:2,0
DA:3,0
DA:4,0
DA:9,0
DA:11,0
DA:12,0
DA:13,0
DA:15,0
DA:16,0
DA:20,0
DA:21,0
DA:22,0
DA:23,0
DA:24,0
DA:27,0
DA:36,0
DA:48,0
DA:49,0
DA:52,0
DA:54,0
DA:55,0
DA:56,0
DA:58,0
DA:61,0
DA:64,0
DA:72,0
DA:74,0
DA:81,0
DA:82,0
DA:83,0
DA:85,0
DA:100,0
DA:102,0
DA:106,0
DA:128,0
DA:131,0
DA:132,0
DA:143,0
DA:144,0
DA:145,0
DA:148,0
DA:149,0
DA:151,0
DA:152,0
DA:153,0
DA:154,0
DA:155,0
DA:156,0
DA:157,0
DA:158,0
DA:159,0
DA:160,0
DA:161,0
DA:162,0
DA:163,0
DA:168,0
DA:169,0
DA:171,0
DA:183,0
DA:184,0
DA:185,0
DA:186,0
DA:188,0
DA:193,0
DA:194,0
DA:195,0
DA:196,0
DA:198,0
DA:202,0
DA:203,0
DA:212,0
DA:215,0
DA:216,0
DA:230,0
DA:231,0
DA:245,0
DA:246,0
DA:259,0
LF:79
LH:0
BRDA:15,0,0,0
BRDA:49,1,0,0
BRDA:49,1,1,0
BRDA:55,2,0,0
BRDA:55,2,1,0
BRDA:82,3,0,0
BRDA:82,3,1,0
BRDA:83,4,0,0
BRDA:83,4,1,0
BRDA:95,5,0,0
BRDA:95,5,1,0
BRDA:96,6,0,0
BRDA:96,6,1,0
BRDA:97,7,0,0
BRDA:97,7,1,0
BRDA:102,8,0,0
BRDA:102,8,1,0
BRDA:102,9,0,0
BRDA:102,9,1,0
BRDA:114,10,0,0
BRDA:114,10,1,0
BRDA:116,11,0,0
BRDA:116,11,1,0
BRDA:116,12,0,0
BRDA:116,12,1,0
BRDA:135,13,0,0
BRDA:135,13,1,0
BRDA:151,14,0,0
BRDA:151,15,0,0
BRDA:151,15,1,0
BRDA:152,16,0,0
BRDA:152,16,1,0
BRDA:152,17,0,0
BRDA:152,17,1,0
BRDA:155,18,0,0
BRDA:155,18,1,0
BRDA:155,19,0,0
BRDA:155,19,1,0
BRDA:158,20,0,0
BRDA:158,20,1,0
BRDA:158,21,0,0
BRDA:158,21,1,0
BRDA:161,22,0,0
BRDA:161,23,0,0
BRDA:161,23,1,0
BRDA:185,24,0,0
BRDA:195,25,0,0
BRDA:203,26,0,0
BRDA:203,26,1,0
BRDA:215,27,0,0
BRDA:219,28,0,0
BRDA:219,28,1,0
BRDA:230,29,0,0
BRDA:234,30,0,0
BRDA:234,30,1,0
BRDA:245,31,0,0
BRF:56
BRH:0
end_of_record
TN:
SF:src/app/api/analytics/trends/route.ts
FN:10,GET
FN:119,(anonymous_1)
FN:140,calculateDailyTrends
FN:144,(anonymous_3)
FN:155,(anonymous_4)
FN:172,calculateWeeklyTrends
FN:176,(anonymous_6)
FN:191,(anonymous_7)
FN:208,calculateMonthlyTrends
FN:212,(anonymous_9)
FN:232,(anonymous_10)
FN:235,calculateQuarterlyTrends
FN:239,(anonymous_12)
FN:253,(anonymous_13)
FN:270,calculateMetricValue
FN:273,(anonymous_15)
FN:277,(anonymous_16)
FN:284,(anonymous_17)
FN:285,(anonymous_18)
FN:288,(anonymous_19)
FN:289,(anonymous_20)
FN:292,(anonymous_21)
FN:292,(anonymous_22)
FN:293,(anonymous_23)
FN:293,(anonymous_24)
FN:298,(anonymous_25)
FN:304,(anonymous_26)
FN:305,(anonymous_27)
FN:306,(anonymous_28)
FN:315,calculateTrendChanges
FNF:30
FNH:0
FNDA:0,GET
FNDA:0,(anonymous_1)
FNDA:0,calculateDailyTrends
FNDA:0,(anonymous_3)
FNDA:0,(anonymous_4)
FNDA:0,calculateWeeklyTrends
FNDA:0,(anonymous_6)
FNDA:0,(anonymous_7)
FNDA:0,calculateMonthlyTrends
FNDA:0,(anonymous_9)
FNDA:0,(anonymous_10)
FNDA:0,calculateQuarterlyTrends
FNDA:0,(anonymous_12)
FNDA:0,(anonymous_13)
FNDA:0,calculateMetricValue
FNDA:0,(anonymous_15)
FNDA:0,(anonymous_16)
FNDA:0,(anonymous_17)
FNDA:0,(anonymous_18)
FNDA:0,(anonymous_19)
FNDA:0,(anonymous_20)
FNDA:0,(anonymous_21)
FNDA:0,(anonymous_22)
FNDA:0,(anonymous_23)
FNDA:0,(anonymous_24)
FNDA:0,(anonymous_25)
FNDA:0,(anonymous_26)
FNDA:0,(anonymous_27)
FNDA:0,(anonymous_28)
FNDA:0,calculateTrendChanges
DA:1,0
DA:2,0
DA:3,0
DA:4,0
DA:5,0
DA:8,0
DA:10,0
DA:11,0
DA:12,0
DA:14,0
DA:15,0
DA:18,0
DA:19,0
DA:20,0
DA:21,0
DA:22,0
DA:23,0
DA:26,0
DA:27,0
DA:29,0
DA:31,0
DA:32,0
DA:34,0
DA:35,0
DA:37,0
DA:38,0
DA:40,0
DA:41,0
DA:43,0
DA:44,0
DA:46,0
DA:47,0
DA:49,0
DA:50,0
DA:54,0
DA:65,0
DA:81,0
DA:82,0
DA:84,0
DA:85,0
DA:92,0
DA:94,0
DA:96,0
DA:97,0
DA:99,0
DA:100,0
DA:102,0
DA:103,0
DA:105,0
DA:106,0
DA:108,0
DA:112,0
DA:114,0
DA:119,0
DA:129,0
DA:130,0
DA:141,0
DA:144,0
DA:145,0
DA:146,0
DA:147,0
DA:149,0
DA:152,0
DA:153,0
DA:155,0
DA:156,0
DA:157,0
DA:159,0
DA:169,0
DA:173,0
DA:176,0
DA:177,0
DA:178,0
DA:179,0
DA:180,0
DA:182,0
DA:183,0
DA:185,0
DA:188,0
DA:189,0
DA:191,0
DA:192,0
DA:193,0
DA:195,0
DA:205,0
DA:209,0
DA:210,0
DA:212,0
DA:213,0
DA:216,0
DA:217,0
DA:222,0
DA:232,0
DA:236,0
DA:239,0
DA:240,0
DA:241,0
DA:242,0
DA:244,0
DA:245,0
DA:247,0
DA:250,0
DA:251,0
DA:253,0
DA:254,0
DA:255,0
DA:257,0
DA:267,0
DA:271,0
DA:273,0
DA:276,0
DA:277,0
DA:278,0
DA:281,0
DA:284,0
DA:285,0
DA:288,0
DA:289,0
DA:292,0
DA:293,0
DA:294,0
DA:297,0
DA:298,0
DA:299,0
DA:303,0
DA:304,0
DA:305,0
DA:306,0
DA:307,0
DA:308,0
DA:311,0
DA:316,0
DA:319,0
DA:320,0
DA:321,0
DA:322,0
DA:323,0
DA:325,0
DA:326,0
DA:328,0
DA:329,0
DA:332,0
DA:333,0
DA:334,0
DA:335,0
DA:336,0
DA:338,0
DA:343,0
LF:148
LH:0
BRDA:14,0,0,0
BRDA:19,1,0,0
BRDA:19,1,1,0
BRDA:22,2,0,0
BRDA:22,2,1,0
BRDA:23,3,0,0
BRDA:23,3,1,0
BRDA:29,4,0,0
BRDA:29,4,1,0
BRDA:29,4,2,0
BRDA:29,4,3,0
BRDA:29,4,4,0
BRDA:29,4,5,0
BRDA:29,4,6,0
BRDA:56,5,0,0
BRDA:56,5,1,0
BRDA:57,6,0,0
BRDA:57,6,1,0
BRDA:74,7,0,0
BRDA:74,7,1,0
BRDA:75,8,0,0
BRDA:75,8,1,0
BRDA:84,9,0,0
BRDA:94,10,0,0
BRDA:94,10,1,0
BRDA:94,10,2,0
BRDA:94,10,3,0
BRDA:94,10,4,0
BRDA:120,11,0,0
BRDA:120,11,1,0
BRDA:121,12,0,0
BRDA:121,12,1,0
BRDA:122,13,0,0
BRDA:122,13,1,0
BRDA:123,14,0,0
BRDA:123,14,1,0
BRDA:124,15,0,0
BRDA:124,15,1,0
BRDA:133,16,0,0
BRDA:133,16,1,0
BRDA:146,17,0,0
BRDA:182,18,0,0
BRDA:244,19,0,0
BRDA:271,20,0,0
BRDA:271,20,1,0
BRDA:271,20,2,0
BRDA:271,20,3,0
BRDA:271,20,4,0
BRDA:271,20,5,0
BRDA:271,20,6,0
BRDA:271,20,7,0
BRDA:271,20,8,0
BRDA:276,21,0,0
BRDA:285,22,0,0
BRDA:285,22,1,0
BRDA:289,23,0,0
BRDA:289,23,1,0
BRDA:294,24,0,0
BRDA:294,24,1,0
BRDA:294,25,0,0
BRDA:294,25,1,0
BRDA:297,26,0,0
BRDA:303,27,0,0
BRDA:308,28,0,0
BRDA:308,28,1,0
BRDA:316,29,0,0
BRDA:320,30,0,0
BRDA:320,30,1,0
BRDA:329,31,0,0
BRDA:329,31,1,0
BRDA:333,32,0,0
BRDA:333,32,1,0
BRDA:335,33,0,0
BRDA:335,33,1,0
BRF:74
BRH:0
end_of_record
TN:
SF:src/app/api/auth/[...nextauth]/route.ts
FNF:0
FNH:0
DA:1,0
DA:2,0
DA:4,0
DA:6,0
LF:4
LH:0
BRF:0
BRH:0
end_of_record
TN:
SF:src/app/api/auth/forgot-password/route.ts
FN:11,POST
FNF:1
FNH:0
FNDA:0,POST
DA:1,0
DA:2,0
DA:5,0
DA:9,0
DA:11,0
DA:12,0
DA:13,0
DA:14,0
DA:23,0
DA:31,0
DA:32,0
DA:34,0
DA:53,0
DA:59,0
DA:61,0
DA:62,0
DA:72,0
LF:17
LH:0
BRDA:61,0,0,0
BRF:1
BRH:0
end_of_record
TN:
SF:src/app/api/auth/register/route.ts
FN:15,(anonymous_0)
FN:16,(anonymous_1)
FN:21,POST
FNF:3
FNH:0
FNDA:0,(anonymous_0)
FNDA:0,(anonymous_1)
FNDA:0,POST
DA:1,0
DA:2,0
DA:3,0
DA:4,0
DA:5,0
DA:7,0
DA:9,0
DA:15,0
DA:16,0
DA:21,0
DA:22,0
DA:24,0
DA:25,0
DA:26,0
DA:29,0
DA:32,0
DA:33,0
DA:34,0
DA:43,0
DA:46,0
DA:50,0
DA:51,0
DA:58,0
DA:61,0
DA:82,0
DA:83,0
DA:92,0
DA:104,0
DA:117,0
DA:119,0
LF:30
LH:0
BRDA:25,0,0,0
BRDA:33,1,0,0
BRDA:50,2,0,0
BRDA:99,3,0,0
BRDA:99,3,1,0
BRDA:100,4,0,0
BRDA:100,4,1,0
BRF:7
BRH:0
end_of_record
TN:
SF:src/app/api/backtest/route.ts
FN:43,isWeekend
FN:51,isMarketHoliday
FN:59,isValidTradingDay
FN:66,getNextTradingDay
FN:80,getPreviousTradingDay
FN:94,countTradingDays
FN:111,validateDateRange
FN:231,acquireBacktestLock
FN:240,(anonymous_17)
FN:254,(anonymous_18)
FN:282,releaseBacktestLock
FN:295,cleanupExpiredLocks
FN:299,(anonymous_21)
FN:305,(anonymous_22)
FN:317,getBacktestStats
FN:339,POST
FN:384,(anonymous_25)
FN:387,(anonymous_26)
FN:526,(anonymous_27)
FN:615,GET
FN:668,(anonymous_29)
FN:672,(anonymous_30)
FN:703,cleanupAllBacktestLocks
FNF:23
FNH:0
FNDA:0,isWeekend
FNDA:0,isMarketHoliday
FNDA:0,isValidTradingDay
FNDA:0,getNextTradingDay
FNDA:0,getPreviousTradingDay
FNDA:0,countTradingDays
FNDA:0,validateDateRange
FNDA:0,acquireBacktestLock
FNDA:0,(anonymous_17)
FNDA:0,(anonymous_18)
FNDA:0,releaseBacktestLock
FNDA:0,cleanupExpiredLocks
FNDA:0,(anonymous_21)
FNDA:0,(anonymous_22)
FNDA:0,getBacktestStats
FNDA:0,POST
FNDA:0,(anonymous_25)
FNDA:0,(anonymous_26)
FNDA:0,(anonymous_27)
FNDA:0,GET
FNDA:0,(anonymous_29)
FNDA:0,(anonymous_30)
FNDA:0,cleanupAllBacktestLocks
DA:1,0
DA:2,0
DA:3,0
DA:5,0
DA:6,0
DA:7,0
DA:8,0
DA:9,0
DA:10,0
DA:15,0
DA:44,0
DA:45,0
DA:52,0
DA:53,0
DA:60,0
DA:67,0
DA:68,0
DA:70,0
DA:71,0
DA:74,0
DA:81,0
DA:82,0
DA:84,0
DA:85,0
DA:88,0
DA:95,0
DA:96,0
DA:98,0
DA:99,0
DA:100,0
DA:102,0
DA:105,0
DA:120,0
DA:123,0
DA:124,0
DA:128,0
DA:129,0
DA:130,0
DA:133,0
DA:134,0
DA:135,0
DA:139,0
DA:140,0
DA:141,0
DA:149,0
DA:151,0
DA:152,0
DA:159,0
DA:160,0
DA:161,0
DA:168,0
DA:169,0
DA:170,0
DA:177,0
DA:180,0
DA:185,0
DA:186,0
DA:191,0
DA:192,0
DA:197,0
DA:204,0
DA:205,0
DA:208,0
DA:219,0
DA:220,0
DA:223,0
DA:236,0
DA:239,0
DA:240,0
DA:243,0
DA:244,0
DA:248,0
DA:249,0
DA:253,0
DA:254,0
DA:257,0
DA:258,0
DA:262,0
DA:265,0
DA:272,0
DA:275,0
DA:283,0
DA:284,0
DA:285,0
DA:286,0
DA:296,0
DA:297,0
DA:299,0
DA:300,0
DA:301,0
DA:305,0
DA:306,0
DA:307,0
DA:308,0
DA:322,0
DA:330,0
DA:339,0
DA:340,0
DA:342,0
DA:344,0
DA:345,0
DA:348,0
DA:352,0
DA:353,0
DA:357,0
DA:365,0
DA:366,0
DA:367,0
DA:371,0
DA:372,0
DA:373,0
DA:376,0
DA:377,0
DA:380,0
DA:381,0
DA:382,0
DA:383,0
DA:384,0
DA:386,0
DA:387,0
DA:390,0
DA:391,0
DA:398,0
DA:399,0
DA:406,0
DA:414,0
DA:422,0
DA:423,0
DA:424,0
DA:432,0
DA:440,0
DA:441,0
DA:442,0
DA:446,0
DA:447,0
DA:450,0
DA:451,0
DA:452,0
DA:460,0
DA:462,0
DA:463,0
DA:464,0
DA:465,0
DA:473,0
DA:474,0
DA:478,0
DA:495,0
DA:497,0
DA:498,0
DA:499,0
DA:502,0
DA:503,0
DA:507,0
DA:508,0
DA:511,0
DA:526,0
DA:527,0
DA:537,0
DA:562,0
DA:568,0
DA:571,0
DA:585,0
DA:591,0
DA:592,0
DA:595,0
DA:596,0
DA:606,0
DA:609,0
DA:610,0
DA:615,0
DA:616,0
DA:618,0
DA:619,0
DA:620,0
DA:624,0
DA:625,0
DA:626,0
DA:629,0
DA:630,0
DA:631,0
DA:632,0
DA:633,0
DA:636,0
DA:640,0
DA:641,0
DA:645,0
DA:661,0
DA:664,0
DA:665,0
DA:666,0
DA:667,0
DA:668,0
DA:670,0
DA:672,0
DA:676,0
DA:685,0
DA:696,0
DA:703,0
DA:704,0
DA:705,0
LF:200
LH:0
BRDA:45,0,0,0
BRDA:45,0,1,0
BRDA:60,1,0,0
BRDA:60,1,1,0
BRDA:99,2,0,0
BRDA:123,3,0,0
BRDA:129,4,0,0
BRDA:133,5,0,0
BRDA:140,6,0,0
BRDA:151,7,0,0
BRDA:160,8,0,0
BRDA:169,9,0,0
BRDA:177,10,0,0
BRDA:177,10,1,0
BRDA:180,11,0,0
BRDA:180,11,1,0
BRDA:185,12,0,0
BRDA:191,13,0,0
BRDA:243,14,0,0
BRDA:248,15,0,0
BRDA:257,16,0,0
BRDA:284,17,0,0
BRDA:300,18,0,0
BRDA:352,19,0,0
BRDA:366,20,0,0
BRDA:372,21,0,0
BRDA:381,22,0,0
BRDA:390,23,0,0
BRDA:398,24,0,0
BRDA:422,25,0,0
BRDA:440,26,0,0
BRDA:450,27,0,0
BRDA:463,28,0,0
BRDA:473,29,0,0
BRDA:498,30,0,0
BRDA:498,30,1,0
BRDA:499,31,0,0
BRDA:499,31,1,0
BRDA:502,32,0,0
BRDA:502,32,1,0
BRDA:503,33,0,0
BRDA:503,33,1,0
BRDA:517,34,0,0
BRDA:517,34,1,0
BRDA:518,35,0,0
BRDA:518,35,1,0
BRDA:521,36,0,0
BRDA:521,36,1,0
BRDA:577,37,0,0
BRDA:577,37,1,0
BRDA:585,38,0,0
BRDA:585,38,1,0
BRDA:591,39,0,0
BRDA:595,40,0,0
BRDA:609,41,0,0
BRDA:619,42,0,0
BRDA:625,43,0,0
BRDA:631,44,0,0
BRDA:631,44,1,0
BRDA:632,45,0,0
BRDA:632,45,1,0
BRDA:640,46,0,0
BRDA:665,47,0,0
BRDA:670,48,0,0
BRDA:670,48,1,0
BRDA:693,49,0,0
BRDA:693,49,1,0
BRF:67
BRH:0
end_of_record
TN:
SF:src/app/api/backtest/[id]/route.ts
FN:11,GET
FN:50,DELETE
FNF:2
FNH:0
FNDA:0,GET
FNDA:0,DELETE
DA:1,0
DA:2,0
DA:4,0
DA:5,0
DA:6,0
DA:7,0
DA:9,0
DA:11,0
DA:15,0
DA:16,0
DA:18,0
DA:19,0
DA:22,0
DA:40,0
DA:41,0
DA:44,0
DA:46,0
DA:50,0
DA:54,0
DA:56,0
DA:57,0
DA:58,0
DA:62,0
DA:63,0
DA:64,0
DA:68,0
DA:75,0
DA:76,0
DA:80,0
DA:81,0
DA:89,0
DA:95,0
DA:100,0
LF:33
LH:0
BRDA:18,0,0,0
BRDA:40,1,0,0
BRDA:57,2,0,0
BRDA:63,3,0,0
BRDA:75,4,0,0
BRDA:80,5,0,0
BRF:6
BRH:0
end_of_record
TN:
SF:src/app/api/backtest/[id]/export/route.ts
FN:16,GET
FN:111,(anonymous_1)
FN:147,POST
FN:233,(anonymous_3)
FNF:4
FNH:0
FNDA:0,GET
FNDA:0,(anonymous_1)
FNDA:0,POST
FNDA:0,(anonymous_3)
DA:2,0
DA:3,0
DA:5,0
DA:6,0
DA:7,0
DA:8,0
DA:11,0
DA:16,0
DA:20,0
DA:22,0
DA:23,0
DA:24,0
DA:28,0
DA:29,0
DA:30,0
DA:32,0
DA:33,0
DA:36,0
DA:41,0
DA:42,0
DA:51,0
DA:67,0
DA:68,0
DA:72,0
DA:73,0
DA:74,0
DA:90,0
DA:111,0
DA:134,0
DA:135,0
DA:136,0
DA:137,0
DA:140,0
DA:142,0
DA:147,0
DA:151,0
DA:153,0
DA:154,0
DA:155,0
DA:158,0
DA:159,0
DA:161,0
DA:162,0
DA:170,0
DA:173,0
DA:189,0
DA:190,0
DA:194,0
DA:195,0
DA:196,0
DA:212,0
DA:233,0
DA:256,0
DA:257,0
DA:258,0
DA:259,0
DA:262,0
DA:264,0
LF:58
LH:0
BRDA:23,0,0,0
BRDA:32,1,0,0
BRDA:32,2,0,0
BRDA:32,2,1,0
BRDA:41,3,0,0
BRDA:67,4,0,0
BRDA:73,5,0,0
BRDA:120,6,0,0
BRDA:120,6,1,0
BRDA:121,7,0,0
BRDA:121,7,1,0
BRDA:122,8,0,0
BRDA:122,8,1,0
BRDA:123,9,0,0
BRDA:123,9,1,0
BRDA:124,10,0,0
BRDA:124,10,1,0
BRDA:125,11,0,0
BRDA:125,11,1,0
BRDA:126,12,0,0
BRDA:126,12,1,0
BRDA:127,13,0,0
BRDA:127,13,1,0
BRDA:128,14,0,0
BRDA:128,14,1,0
BRDA:129,15,0,0
BRDA:129,15,1,0
BRDA:134,16,0,0
BRDA:134,16,1,0
BRDA:136,17,0,0
BRDA:154,18,0,0
BRDA:161,19,0,0
BRDA:189,20,0,0
BRDA:195,21,0,0
BRDA:242,22,0,0
BRDA:242,22,1,0
BRDA:243,23,0,0
BRDA:243,23,1,0
BRDA:244,24,0,0
BRDA:244,24,1,0
BRDA:245,25,0,0
BRDA:245,25,1,0
BRDA:246,26,0,0
BRDA:246,26,1,0
BRDA:247,27,0,0
BRDA:247,27,1,0
BRDA:248,28,0,0
BRDA:248,28,1,0
BRDA:249,29,0,0
BRDA:249,29,1,0
BRDA:250,30,0,0
BRDA:250,30,1,0
BRDA:251,31,0,0
BRDA:251,31,1,0
BRDA:256,32,0,0
BRDA:256,32,1,0
BRDA:258,33,0,0
BRF:57
BRH:0
end_of_record
TN:
SF:src/app/api/cache/route.ts
FN:7,GET
FN:39,DELETE
FNF:2
FNH:0
FNDA:0,GET
FNDA:0,DELETE
DA:1,0
DA:2,0
DA:3,0
DA:4,0
DA:7,0
DA:8,0
DA:10,0
DA:11,0
DA:12,0
DA:18,0
DA:20,0
DA:27,0
DA:28,0
DA:39,0
DA:40,0
DA:42,0
DA:43,0
DA:44,0
DA:50,0
DA:51,0
DA:53,0
DA:54,0
DA:56,0
DA:61,0
DA:68,0
DA:69,0
LF:26
LH:0
BRDA:11,0,0,0
BRDA:31,1,0,0
BRDA:31,1,1,0
BRDA:43,2,0,0
BRDA:53,3,0,0
BRDA:53,3,1,0
BRDA:72,4,0,0
BRDA:72,4,1,0
BRF:8
BRH:0
end_of_record
TN:
SF:src/app/api/commands/route.ts
FN:38,POST
FN:127,GET
FN:197,DELETE
FN:257,PUT
FNF:4
FNH:0
FNDA:0,POST
FNDA:0,GET
FNDA:0,DELETE
FNDA:0,PUT
DA:7,0
DA:8,0
DA:9,0
DA:10,0
DA:11,0
DA:12,0
DA:13,0
DA:16,0
DA:38,0
DA:39,0
DA:41,0
DA:42,0
DA:43,0
DA:49,0
DA:50,0
DA:53,0
DA:57,0
DA:58,0
DA:64,0
DA:65,0
DA:72,0
DA:84,0
DA:85,0
DA:87,0
DA:89,0
DA:90,0
DA:91,0
DA:98,0
DA:101,0
DA:110,0
DA:111,0
DA:116,0
DA:117,0
DA:127,0
DA:128,0
DA:130,0
DA:131,0
DA:132,0
DA:138,0
DA:139,0
DA:140,0
DA:141,0
DA:142,0
DA:144,0
DA:147,0
DA:148,0
DA:149,0
DA:150,0
DA:155,0
DA:159,0
DA:163,0
DA:164,0
DA:167,0
DA:168,0
DA:171,0
DA:178,0
DA:180,0
DA:186,0
DA:187,0
DA:197,0
DA:198,0
DA:200,0
DA:201,0
DA:202,0
DA:208,0
DA:209,0
DA:211,0
DA:212,0
DA:219,0
DA:223,0
DA:224,0
DA:230,0
DA:231,0
DA:238,0
DA:239,0
DA:241,0
DA:246,0
DA:247,0
DA:257,0
DA:258,0
DA:260,0
DA:261,0
DA:262,0
DA:268,0
DA:269,0
DA:271,0
DA:272,0
DA:278,0
DA:280,0
DA:282,0
DA:285,0
DA:288,0
DA:295,0
DA:296,0
LF:94
LH:0
BRDA:42,0,0,0
BRDA:57,1,0,0
BRDA:64,2,0,0
BRDA:77,3,0,0
BRDA:77,3,1,0
BRDA:87,4,0,0
BRDA:87,4,1,0
BRDA:90,5,0,0
BRDA:105,6,0,0
BRDA:105,6,1,0
BRDA:110,7,0,0
BRDA:131,8,0,0
BRDA:142,9,0,0
BRDA:142,9,1,0
BRDA:147,10,0,0
BRDA:149,11,0,0
BRDA:163,12,0,0
BRDA:167,13,0,0
BRDA:178,14,0,0
BRDA:178,14,1,0
BRDA:201,15,0,0
BRDA:211,16,0,0
BRDA:223,17,0,0
BRDA:230,18,0,0
BRDA:261,19,0,0
BRDA:271,20,0,0
BRDA:280,21,0,0
BRDA:280,21,1,0
BRDA:282,22,0,0
BRDA:282,22,1,0
BRDA:285,23,0,0
BRDA:285,23,1,0
BRDA:290,24,0,0
BRDA:290,24,1,0
BRF:34
BRH:0
end_of_record
TN:
SF:src/app/api/contact/route.ts
FN:14,POST
FNF:1
FNH:0
FNDA:0,POST
DA:1,0
DA:2,0
DA:5,0
DA:12,0
DA:14,0
DA:15,0
DA:16,0
DA:17,0
DA:25,0
DA:38,0
DA:44,0
DA:46,0
DA:47,0
DA:56,0
LF:14
LH:0
BRDA:46,0,0,0
BRDA:59,1,0,0
BRDA:59,1,1,0
BRF:3
BRH:0
end_of_record
TN:
SF:src/app/api/dashboard/stats/route.ts
FN:8,GET
FN:33,(anonymous_1)
FN:34,(anonymous_2)
FNF:3
FNH:0
FNDA:0,GET
FNDA:0,(anonymous_1)
FNDA:0,(anonymous_2)
DA:1,0
DA:2,0
DA:3,0
DA:4,0
DA:6,0
DA:8,0
DA:9,0
DA:10,0
DA:12,0
DA:13,0
DA:16,0
DA:33,0
DA:34,0
DA:35,0
DA:37,0
DA:44,0
DA:45,0
LF:17
LH:0
BRDA:12,0,0,0
BRDA:33,1,0,0
BRDA:33,1,1,0
BRDA:34,2,0,0
BRDA:34,2,1,0
BRDA:35,3,0,0
BRDA:35,3,1,0
BRF:7
BRH:0
end_of_record
TN:
SF:src/app/api/debug/clear-cache/route.ts
FN:4,POST
FN:33,GET
FNF:2
FNH:0
FNDA:0,POST
FNDA:0,GET
DA:1,0
DA:2,0
DA:4,0
DA:5,0
DA:6,0
DA:7,0
DA:9,0
DA:10,0
DA:16,0
DA:18,0
DA:25,0
DA:26,0
DA:33,0
DA:34,0
LF:14
LH:0
BRDA:9,0,0,0
BRDA:20,1,0,0
BRDA:20,1,1,0
BRF:3
BRH:0
end_of_record
TN:
SF:src/app/api/debug/env/route.ts
FN:3,GET
FNF:1
FNH:0
FNDA:0,GET
DA:1,0
DA:3,0
DA:4,0
DA:6,0
DA:7,0
DA:10,0
DA:14,0
DA:46,0
DA:48,0
DA:49,0
DA:50,0
DA:53,0
DA:60,0
DA:61,0
DA:62,0
DA:65,0
DA:72,0
DA:78,0
LF:18
LH:0
BRDA:7,0,0,0
BRDA:8,1,0,0
BRDA:8,1,1,0
BRDA:17,2,0,0
BRDA:17,2,1,0
BRDA:19,3,0,0
BRDA:19,3,1,0
BRDA:23,4,0,0
BRDA:23,4,1,0
BRDA:25,5,0,0
BRDA:25,5,1,0
BRDA:30,6,0,0
BRDA:30,6,1,0
BRDA:32,7,0,0
BRDA:32,7,1,0
BRDA:48,8,0,0
BRDA:54,9,0,0
BRDA:54,9,1,0
BRDA:60,10,0,0
BRDA:67,11,0,0
BRDA:67,11,1,0
BRDA:81,12,0,0
BRDA:81,12,1,0
BRF:23
BRH:0
end_of_record
TN:
SF:src/app/api/debug/test-backtest/route.ts
FN:5,POST
FN:129,GET
FNF:2
FNH:0
FNDA:0,POST
FNDA:0,GET
DA:1,0
DA:2,0
DA:5,0
DA:6,0
DA:7,0
DA:8,0
DA:10,0
DA:17,0
DA:20,0
DA:21,0
DA:27,0
DA:28,0
DA:29,0
DA:31,0
DA:32,0
DA:33,0
DA:34,0
DA:35,0
DA:36,0
DA:37,0
DA:38,0
DA:41,0
DA:85,0
DA:88,0
DA:97,0
DA:98,0
DA:99,0
DA:100,0
DA:101,0
DA:102,0
DA:104,0
DA:119,0
DA:121,0
DA:129,0
DA:130,0
LF:35
LH:0
BRDA:12,0,0,0
BRDA:13,1,0,0
BRDA:16,2,0,0
BRDA:20,3,0,0
BRDA:20,4,0,0
BRDA:20,4,1,0
BRDA:123,5,0,0
BRDA:123,5,1,0
BRDA:124,6,0,0
BRDA:124,6,1,0
BRF:10
BRH:0
end_of_record
TN:
SF:src/app/api/docs/route.ts
FN:10,GET
FN:45,OPTIONS
FNF:2
FNH:0
FNDA:0,GET
FNDA:0,OPTIONS
DA:7,0
DA:8,0
DA:10,0
DA:11,0
DA:12,0
DA:14,0
DA:15,0
DA:18,0
DA:26,0
DA:27,0
DA:36,0
DA:37,0
DA:45,0
DA:46,0
LF:14
LH:0
BRDA:12,0,0,0
BRDA:12,0,1,0
BRDA:15,1,0,0
BRDA:15,1,1,0
BRF:4
BRH:0
end_of_record
TN:
SF:src/app/api/errors/report/route.ts
FN:22,POST
FN:91,GET
FNF:2
FNH:0
FNDA:0,POST
FNDA:0,GET
DA:1,0
DA:2,0
DA:3,0
DA:4,0
DA:5,0
DA:7,0
DA:10,0
DA:22,0
DA:23,0
DA:25,0
DA:26,0
DA:27,0
DA:30,0
DA:31,0
DA:33,0
DA:34,0
DA:40,0
DA:43,0
DA:66,0
DA:74,0
DA:79,0
DA:86,0
DA:87,0
DA:91,0
DA:92,0
DA:94,0
DA:95,0
DA:96,0
DA:101,0
DA:107,0
LF:30
LH:0
BRDA:26,0,0,0
BRDA:33,1,0,0
BRDA:45,2,0,0
BRDA:45,2,1,0
BRDA:60,3,0,0
BRDA:60,3,1,0
BRDA:74,4,0,0
BRDA:95,5,0,0
BRF:8
BRH:0
end_of_record
TN:
SF:src/app/api/executor/route.ts
FN:36,generateApiCredentials
FN:46,GET
FN:88,(anonymous_3)
FN:103,(anonymous_4)
FN:104,(anonymous_5)
FN:106,(anonymous_6)
FN:107,(anonymous_7)
FN:124,POST
FNF:8
FNH:0
FNDA:0,generateApiCredentials
FNDA:0,GET
FNDA:0,(anonymous_3)
FNDA:0,(anonymous_4)
FNDA:0,(anonymous_5)
FNDA:0,(anonymous_6)
FNDA:0,(anonymous_7)
FNDA:0,POST
DA:1,0
DA:2,0
DA:3,0
DA:4,0
DA:5,0
DA:7,0
DA:8,0
DA:9,0
DA:10,0
DA:12,0
DA:15,0
DA:25,0
DA:37,0
DA:38,0
DA:39,0
DA:46,0
DA:47,0
DA:49,0
DA:50,0
DA:51,0
DA:54,0
DA:55,0
DA:56,0
DA:59,0
DA:60,0
DA:61,0
DA:62,0
DA:65,0
DA:73,0
DA:87,0
DA:88,0
DA:89,0
DA:93,0
DA:101,0
DA:103,0
DA:104,0
DA:106,0
DA:107,0
DA:111,0
DA:116,0
DA:124,0
DA:125,0
DA:127,0
DA:128,0
DA:129,0
DA:132,0
DA:133,0
DA:134,0
DA:137,0
DA:138,0
DA:140,0
DA:141,0
DA:149,0
DA:152,0
DA:159,0
DA:160,0
DA:168,0
DA:176,0
DA:177,0
DA:185,0
DA:186,0
DA:189,0
DA:203,0
DA:216,0
DA:229,0
LF:65
LH:0
BRDA:50,0,0,0
BRDA:55,1,0,0
BRDA:67,2,0,0
BRDA:67,2,1,0
BRDA:68,3,0,0
BRDA:68,3,1,0
BRDA:69,4,0,0
BRDA:69,4,1,0
BRDA:89,5,0,0
BRDA:89,5,1,0
BRDA:128,6,0,0
BRDA:133,7,0,0
BRDA:140,8,0,0
BRDA:159,9,0,0
BRDA:176,10,0,0
BRF:15
BRH:0
end_of_record
TN:
SF:src/app/api/executor/[id]/route.ts
FN:24,validateExecutorOwnership
FN:52,GET
FN:122,PATCH
FN:209,DELETE
FNF:4
FNH:0
FNDA:0,validateExecutorOwnership
FNDA:0,GET
FNDA:0,PATCH
FNDA:0,DELETE
DA:1,0
DA:2,0
DA:3,0
DA:5,0
DA:6,0
DA:7,0
DA:8,0
DA:10,0
DA:13,0
DA:25,0
DA:41,0
DA:42,0
DA:45,0
DA:52,0
DA:56,0
DA:58,0
DA:59,0
DA:60,0
DA:63,0
DA:64,0
DA:65,0
DA:68,0
DA:71,0
DA:72,0
DA:77,0
DA:95,0
DA:104,0
DA:114,0
DA:122,0
DA:126,0
DA:128,0
DA:129,0
DA:130,0
DA:133,0
DA:134,0
DA:135,0
DA:139,0
DA:141,0
DA:142,0
DA:144,0
DA:145,0
DA:154,0
DA:155,0
DA:164,0
DA:165,0
DA:174,0
DA:183,0
DA:194,0
DA:201,0
DA:209,0
DA:213,0
DA:215,0
DA:216,0
DA:217,0
DA:220,0
DA:221,0
DA:222,0
DA:226,0
DA:229,0
DA:230,0
DA:234,0
DA:235,0
DA:243,0
DA:250,0
DA:251,0
DA:259,0
DA:268,0
DA:279,0
DA:284,0
LF:69
LH:0
BRDA:41,0,0,0
BRDA:59,1,0,0
BRDA:64,2,0,0
BRDA:72,3,0,0
BRDA:72,3,1,0
BRDA:129,4,0,0
BRDA:134,5,0,0
BRDA:144,6,0,0
BRDA:154,7,0,0
BRDA:164,8,0,0
BRDA:216,9,0,0
BRDA:221,10,0,0
BRDA:230,11,0,0
BRDA:230,11,1,0
BRDA:234,12,0,0
BRDA:250,13,0,0
BRF:16
BRH:0
end_of_record
TN:
SF:src/app/api/executor/[id]/command/route.ts
FN:39,POST
FN:147,GET
FN:194,(anonymous_2)
FN:195,(anonymous_3)
FN:196,(anonymous_4)
FN:212,PATCH
FNF:6
FNH:0
FNDA:0,POST
FNDA:0,GET
FNDA:0,(anonymous_2)
FNDA:0,(anonymous_3)
FNDA:0,(anonymous_4)
FNDA:0,PATCH
DA:1,0
DA:2,0
DA:3,0
DA:5,0
DA:6,0
DA:7,0
DA:8,0
DA:9,0
DA:11,0
DA:14,0
DA:39,0
DA:43,0
DA:45,0
DA:46,0
DA:47,0
DA:50,0
DA:51,0
DA:52,0
DA:56,0
DA:64,0
DA:65,0
DA:69,0
DA:70,0
DA:72,0
DA:73,0
DA:81,0
DA:84,0
DA:85,0
DA:90,0
DA:102,0
DA:110,0
DA:123,0
DA:139,0
DA:147,0
DA:151,0
DA:153,0
DA:154,0
DA:155,0
DA:158,0
DA:159,0
DA:160,0
DA:164,0
DA:172,0
DA:173,0
DA:176,0
DA:177,0
DA:178,0
DA:181,0
DA:192,0
DA:194,0
DA:195,0
DA:196,0
DA:199,0
DA:204,0
DA:212,0
DA:216,0
DA:217,0
DA:218,0
DA:220,0
DA:221,0
DA:225,0
DA:232,0
DA:233,0
DA:237,0
DA:252,0
DA:261,0
DA:266,0
LF:67
LH:0
BRDA:46,0,0,0
BRDA:51,1,0,0
BRDA:64,2,0,0
BRDA:72,3,0,0
BRDA:85,4,0,0
BRDA:85,4,1,0
BRDA:95,5,0,0
BRDA:95,5,1,0
BRDA:105,6,0,0
BRDA:105,6,1,0
BRDA:132,7,0,0
BRDA:132,7,1,0
BRDA:154,8,0,0
BRDA:159,9,0,0
BRDA:172,10,0,0
BRDA:178,11,0,0
BRDA:178,11,1,0
BRDA:185,12,0,0
BRDA:185,12,1,0
BRDA:220,13,0,0
BRDA:220,14,0,0
BRDA:220,14,1,0
BRDA:232,15,0,0
BRDA:241,16,0,0
BRDA:241,16,1,0
BRDA:242,17,0,0
BRDA:242,17,1,0
BRDA:257,18,0,0
BRDA:257,18,1,0
BRF:29
BRH:0
end_of_record
TN:
SF:src/app/api/executor/[id]/heartbeat/route.ts
FN:32,POST
FN:65,(anonymous_2)
FN:117,(anonymous_3)
FN:134,(anonymous_4)
FNF:4
FNH:0
FNDA:0,POST
FNDA:0,(anonymous_2)
FNDA:0,(anonymous_3)
FNDA:0,(anonymous_4)
DA:1,0
DA:2,0
DA:3,0
DA:5,0
DA:6,0
DA:7,0
DA:9,0
DA:12,0
DA:32,0
DA:36,0
DA:38,0
DA:39,0
DA:41,0
DA:42,0
DA:46,0
DA:54,0
DA:55,0
DA:59,0
DA:60,0
DA:61,0
DA:65,0
DA:66,0
DA:68,0
DA:69,0
DA:77,0
DA:80,0
DA:90,0
DA:97,0
DA:100,0
DA:104,0
DA:114,0
DA:115,0
DA:117,0
DA:126,0
DA:134,0
DA:144,0
LF:36
LH:0
BRDA:41,0,0,0
BRDA:41,1,0,0
BRDA:41,1,1,0
BRDA:54,2,0,0
BRDA:60,3,0,0
BRDA:68,4,0,0
BRDA:84,5,0,0
BRDA:84,5,1,0
BRDA:92,6,0,0
BRDA:92,6,1,0
BRDA:97,7,0,0
BRDA:114,8,0,0
BRF:12
BRH:0
end_of_record
TN:
SF:src/app/api/executor/emergency-stop/route.ts
FN:28,POST
FN:68,(anonymous_1)
FN:98,(anonymous_2)
FN:123,(anonymous_3)
FN:127,(anonymous_4)
FNF:5
FNH:0
FNDA:0,POST
FNDA:0,(anonymous_1)
FNDA:0,(anonymous_2)
FNDA:0,(anonymous_3)
FNDA:0,(anonymous_4)
DA:8,0
DA:9,0
DA:10,0
DA:12,0
DA:13,0
DA:14,0
DA:15,0
DA:16,0
DA:18,0
DA:20,0
DA:28,0
DA:29,0
DA:31,0
DA:32,0
DA:33,0
DA:36,0
DA:37,0
DA:38,0
DA:41,0
DA:42,0
DA:44,0
DA:45,0
DA:53,0
DA:56,0
DA:63,0
DA:64,0
DA:68,0
DA:69,0
DA:81,0
DA:84,0
DA:91,0
DA:98,0
DA:104,0
DA:119,0
DA:123,0
DA:127,0
DA:135,0
LF:37
LH:0
BRDA:32,0,0,0
BRDA:37,1,0,0
BRDA:44,2,0,0
BRDA:63,3,0,0
BRDA:114,4,0,0
BRDA:114,4,1,0
BRF:6
BRH:0
end_of_record
TN:
SF:src/app/api/export/backtest/route.ts
FN:23,POST
FN:98,exportAsJSON
FN:138,exportAsCSV
FN:159,(anonymous_3)
FN:198,(anonymous_4)
FNF:5
FNH:0
FNDA:0,POST
FNDA:0,exportAsJSON
FNDA:0,exportAsCSV
FNDA:0,(anonymous_3)
FNDA:0,(anonymous_4)
DA:6,0
DA:7,0
DA:8,0
DA:9,0
DA:10,0
DA:16,0
DA:23,0
DA:24,0
DA:26,0
DA:27,0
DA:28,0
DA:32,0
DA:33,0
DA:39,0
DA:40,0
DA:46,0
DA:47,0
DA:49,0
DA:50,0
DA:54,0
DA:67,0
DA:68,0
DA:72,0
DA:73,0
DA:76,0
DA:77,0
DA:81,0
DA:82,0
DA:83,0
DA:87,0
DA:88,0
DA:90,0
DA:93,0
DA:94,0
DA:99,0
DA:117,0
DA:118,0
DA:120,0
DA:129,0
DA:139,0
DA:141,0
DA:142,0
DA:145,0
DA:159,0
DA:174,0
DA:175,0
DA:176,0
DA:177,0
DA:178,0
DA:179,0
DA:180,0
DA:181,0
DA:183,0
DA:184,0
DA:185,0
DA:187,0
DA:189,0
DA:198,0
DA:200,0
LF:59
LH:0
BRDA:27,0,0,0
BRDA:39,1,0,0
BRDA:47,2,0,0
BRDA:49,3,0,0
BRDA:67,4,0,0
BRDA:72,5,0,0
BRDA:76,6,0,0
BRDA:82,7,0,0
BRDA:82,8,0,0
BRDA:82,8,1,0
BRDA:87,9,0,0
BRDA:87,9,1,0
BRDA:117,10,0,0
BRDA:117,10,1,0
BRDA:141,11,0,0
BRDA:141,12,0,0
BRDA:141,12,1,0
BRDA:168,13,0,0
BRDA:168,13,1,0
BRDA:169,14,0,0
BRDA:169,14,1,0
BRDA:170,15,0,0
BRDA:170,15,1,0
BRDA:176,16,0,0
BRDA:176,16,1,0
BRDA:177,17,0,0
BRDA:177,17,1,0
BRDA:178,18,0,0
BRDA:178,18,1,0
BRDA:179,19,0,0
BRDA:179,19,1,0
BRDA:180,20,0,0
BRDA:180,20,1,0
BRDA:181,21,0,0
BRDA:181,21,1,0
BRDA:183,22,0,0
BRDA:183,22,1,0
BRF:37
BRH:0
end_of_record
TN:
SF:src/app/api/export/strategy/route.ts
FN:22,POST
FN:105,(anonymous_1)
FN:113,(anonymous_2)
FN:153,calculateWinRate
FN:155,(anonymous_4)
FN:159,calculateTotalProfit
FN:160,(anonymous_6)
FN:163,findBestTrade
FN:165,(anonymous_8)
FN:170,findWorstTrade
FN:172,(anonymous_10)
FNF:11
FNH:0
FNDA:0,POST
FNDA:0,(anonymous_1)
FNDA:0,(anonymous_2)
FNDA:0,calculateWinRate
FNDA:0,(anonymous_4)
FNDA:0,calculateTotalProfit
FNDA:0,(anonymous_6)
FNDA:0,findBestTrade
FNDA:0,(anonymous_8)
FNDA:0,findWorstTrade
FNDA:0,(anonymous_10)
DA:7,0
DA:8,0
DA:9,0
DA:10,0
DA:15,0
DA:22,0
DA:23,0
DA:25,0
DA:26,0
DA:27,0
DA:31,0
DA:32,0
DA:38,0
DA:39,0
DA:45,0
DA:46,0
DA:47,0
DA:51,0
DA:52,0
DA:54,0
DA:55,0
DA:59,0
DA:73,0
DA:74,0
DA:78,0
DA:79,0
DA:83,0
DA:105,0
DA:113,0
DA:128,0
DA:129,0
DA:131,0
DA:140,0
DA:147,0
DA:148,0
DA:154,0
DA:155,0
DA:156,0
DA:160,0
DA:164,0
DA:165,0
DA:166,0
DA:171,0
DA:172,0
DA:173,0
LF:45
LH:0
BRDA:26,0,0,0
BRDA:38,1,0,0
BRDA:46,2,0,0
BRDA:46,3,0,0
BRDA:46,3,1,0
BRDA:54,4,0,0
BRDA:73,5,0,0
BRDA:78,6,0,0
BRDA:128,7,0,0
BRDA:128,7,1,0
BRDA:154,8,0,0
BRDA:155,9,0,0
BRDA:155,9,1,0
BRDA:160,10,0,0
BRDA:160,10,1,0
BRDA:164,11,0,0
BRDA:166,12,0,0
BRDA:166,12,1,0
BRDA:166,13,0,0
BRDA:166,13,1,0
BRDA:166,14,0,0
BRDA:166,14,1,0
BRDA:171,15,0,0
BRDA:173,16,0,0
BRDA:173,16,1,0
BRDA:173,17,0,0
BRDA:173,17,1,0
BRDA:173,18,0,0
BRDA:173,18,1,0
BRF:29
BRH:0
end_of_record
TN:
SF:src/app/api/health/route.ts
FN:78,checkDatabaseHealth
FN:84,(anonymous_1)
FN:108,checkCacheHealth
FN:114,(anonymous_3)
FN:138,checkWebSocketHealth
FN:144,(anonymous_5)
FN:168,checkExternalServiceHealth
FN:177,(anonymous_7)
FN:213,getSystemInfo
FN:228,getPerformanceMetrics
FN:243,getBusinessMetrics
FN:255,determineOverallHealth
FN:261,(anonymous_12)
FN:270,(anonymous_13)
FN:286,GET
FN:448,HEAD
FNF:16
FNH:0
FNDA:0,checkDatabaseHealth
FNDA:0,(anonymous_1)
FNDA:0,checkCacheHealth
FNDA:0,(anonymous_3)
FNDA:0,checkWebSocketHealth
FNDA:0,(anonymous_5)
FNDA:0,checkExternalServiceHealth
FNDA:0,(anonymous_7)
FNDA:0,getSystemInfo
FNDA:0,getPerformanceMetrics
FNDA:0,getBusinessMetrics
FNDA:0,determineOverallHealth
FNDA:0,(anonymous_12)
FNDA:0,(anonymous_13)
FNDA:0,GET
FNDA:0,HEAD
DA:12,0
DA:15,0
DA:16,0
DA:17,0
DA:79,0
DA:81,0
DA:84,0
DA:86,0
DA:88,0
DA:99,0
DA:109,0
DA:111,0
DA:114,0
DA:116,0
DA:118,0
DA:129,0
DA:139,0
DA:141,0
DA:144,0
DA:146,0
DA:148,0
DA:159,0
DA:172,0
DA:174,0
DA:177,0
DA:178,0
DA:181,0
DA:184,0
DA:186,0
DA:200,0
DA:214,0
DA:215,0
DA:217,0
DA:230,0
DA:232,0
DA:244,0
DA:246,0
DA:260,0
DA:261,0
DA:264,0
DA:265,0
DA:269,0
DA:270,0
DA:273,0
DA:274,0
DA:278,0
DA:279,0
DA:282,0
DA:286,0
DA:287,0
DA:289,0
DA:291,0
DA:292,0
DA:293,0
DA:296,0
DA:297,0
DA:299,0
DA:300,0
DA:303,0
DA:304,0
DA:307,0
DA:308,0
DA:311,0
DA:319,0
DA:321,0
DA:348,0
DA:349,0
DA:350,0
DA:353,0
DA:356,0
DA:369,0
DA:370,0
DA:396,0
DA:399,0
DA:411,0
DA:414,0
DA:424,0
DA:436,0
DA:448,0
DA:449,0
DA:451,0
DA:453,0
DA:454,0
DA:457,0
DA:459,0
LF:85
LH:0
BRDA:90,0,0,0
BRDA:90,0,1,0
BRDA:92,1,0,0
BRDA:92,1,1,0
BRDA:102,2,0,0
BRDA:102,2,1,0
BRDA:120,3,0,0
BRDA:120,3,1,0
BRDA:122,4,0,0
BRDA:122,4,1,0
BRDA:132,5,0,0
BRDA:132,5,1,0
BRDA:150,6,0,0
BRDA:150,6,1,0
BRDA:152,7,0,0
BRDA:152,7,1,0
BRDA:162,8,0,0
BRDA:162,8,1,0
BRDA:187,9,0,0
BRDA:187,9,1,0
BRDA:188,10,0,0
BRDA:188,10,1,0
BRDA:204,11,0,0
BRDA:204,11,1,0
BRDA:238,12,0,0
BRDA:238,12,1,0
BRDA:264,13,0,0
BRDA:273,14,0,0
BRDA:278,15,0,0
BRDA:278,16,0,0
BRDA:278,16,1,0
BRDA:296,17,0,0
BRDA:297,18,0,0
BRDA:297,18,1,0
BRDA:297,18,2,0
BRDA:297,18,3,0
BRDA:324,19,0,0
BRDA:324,19,1,0
BRDA:326,20,0,0
BRDA:326,20,1,0
BRDA:360,21,0,0
BRDA:360,21,1,0
BRDA:361,22,0,0
BRDA:361,22,1,0
BRDA:369,23,0,0
BRDA:396,24,0,0
BRDA:396,24,1,0
BRDA:396,25,0,0
BRDA:396,25,1,0
BRDA:416,26,0,0
BRDA:416,26,1,0
BRDA:425,27,0,0
BRDA:425,27,1,0
BRDA:440,28,0,0
BRDA:440,28,1,0
BRDA:453,29,0,0
BRF:56
BRH:0
end_of_record
TN:
SF:src/app/api/market/context/route.ts
FN:19,POST
FN:97,GET
FN:173,formatMarketContextForAI
FN:193,(anonymous_3)
FN:194,(anonymous_4)
FNF:5
FNH:0
FNDA:0,POST
FNDA:0,GET
FNDA:0,formatMarketContextForAI
FNDA:0,(anonymous_3)
FNDA:0,(anonymous_4)
DA:1,0
DA:2,0
DA:3,0
DA:5,0
DA:6,0
DA:7,0
DA:8,0
DA:11,0
DA:19,0
DA:20,0
DA:22,0
DA:23,0
DA:24,0
DA:30,0
DA:32,0
DA:35,0
DA:42,0
DA:45,0
DA:46,0
DA:47,0
DA:48,0
DA:50,0
DA:56,0
DA:58,0
DA:65,0
DA:75,0
DA:77,0
DA:78,0
DA:87,0
DA:97,0
DA:98,0
DA:100,0
DA:101,0
DA:102,0
DA:108,0
DA:109,0
DA:110,0
DA:112,0
DA:113,0
DA:123,0
DA:132,0
DA:139,0
DA:148,0
DA:150,0
DA:151,0
DA:160,0
DA:174,0
DA:193,0
DA:194,0
LF:49
LH:0
BRDA:23,0,0,0
BRDA:45,1,0,0
BRDA:77,2,0,0
BRDA:90,3,0,0
BRDA:90,3,1,0
BRDA:101,4,0,0
BRDA:112,5,0,0
BRDA:112,6,0,0
BRDA:112,6,1,0
BRDA:126,7,0,0
BRDA:126,7,1,0
BRDA:127,8,0,0
BRDA:127,8,1,0
BRDA:150,9,0,0
BRDA:163,10,0,0
BRDA:163,10,1,0
BRDA:178,11,0,0
BRDA:178,11,1,0
BRDA:191,12,0,0
BRDA:191,12,1,0
BRDA:192,13,0,0
BRDA:192,13,1,0
BRDA:199,14,0,0
BRDA:199,14,1,0
BRF:24
BRH:0
end_of_record
TN:
SF:src/app/api/market/correlation/route.ts
FN:20,generateMockPriceData
FN:45,getBasePriceForSymbol
FN:73,getMockExistingPositions
FN:82,getMockHistoricalCorrelation
FN:98,(anonymous_4)
FN:99,(anonymous_5)
FN:100,(anonymous_6)
FN:108,(anonymous_7)
FN:110,(anonymous_8)
FN:132,GET
FN:165,handleGetCorrelationMatrix
FN:207,handleAnalyzeCorrelation
FN:284,handleGetHistoricalCorrelation
FN:314,handleGetRecommendations
FN:359,handleGetCurrencyGroups
FN:392,handleValidateFilter
FN:431,POST
FN:454,handleCalculateDynamicThresholds
FNF:18
FNH:0
FNDA:0,generateMockPriceData
FNDA:0,getBasePriceForSymbol
FNDA:0,getMockExistingPositions
FNDA:0,getMockHistoricalCorrelation
FNDA:0,(anonymous_4)
FNDA:0,(anonymous_5)
FNDA:0,(anonymous_6)
FNDA:0,(anonymous_7)
FNDA:0,(anonymous_8)
FNDA:0,GET
FNDA:0,handleGetCorrelationMatrix
FNDA:0,handleAnalyzeCorrelation
FNDA:0,handleGetHistoricalCorrelation
FNDA:0,handleGetRecommendations
FNDA:0,handleGetCurrencyGroups
FNDA:0,handleValidateFilter
FNDA:0,POST
FNDA:0,handleCalculateDynamicThresholds
DA:1,0
DA:2,0
DA:21,0
DA:22,0
DA:23,0
DA:25,0
DA:26,0
DA:27,0
DA:28,0
DA:29,0
DA:31,0
DA:32,0
DA:42,0
DA:47,0
DA:69,0
DA:74,0
DA:83,0
DA:84,0
DA:86,0
DA:87,0
DA:88,0
DA:89,0
DA:91,0
DA:98,0
DA:99,0
DA:100,0
DA:101,0
DA:102,0
DA:103,0
DA:106,0
DA:107,0
DA:108,0
DA:109,0
DA:110,0
DA:113,0
DA:114,0
DA:115,0
DA:117,0
DA:132,0
DA:133,0
DA:134,0
DA:135,0
DA:137,0
DA:139,0
DA:141,0
DA:143,0
DA:145,0
DA:147,0
DA:149,0
DA:151,0
DA:157,0
DA:158,0
DA:166,0
DA:167,0
DA:168,0
DA:169,0
DA:171,0
DA:172,0
DA:178,0
DA:180,0
DA:181,0
DA:182,0
DA:186,0
DA:194,0
DA:199,0
DA:200,0
DA:208,0
DA:209,0
DA:211,0
DA:212,0
DA:219,0
DA:220,0
DA:233,0
DA:239,0
DA:241,0
DA:244,0
DA:250,0
DA:251,0
DA:252,0
DA:255,0
DA:264,0
DA:271,0
DA:276,0
DA:277,0
DA:285,0
DA:286,0
DA:287,0
DA:288,0
DA:290,0
DA:291,0
DA:297,0
DA:299,0
DA:301,0
DA:306,0
DA:307,0
DA:315,0
DA:316,0
DA:318,0
DA:319,0
DA:326,0
DA:327,0
DA:333,0
DA:339,0
DA:340,0
DA:342,0
DA:351,0
DA:352,0
DA:360,0
DA:363,0
DA:364,0
DA:370,0
DA:376,0
DA:377,0
DA:379,0
DA:384,0
DA:385,0
DA:393,0
DA:395,0
DA:396,0
DA:403,0
DA:404,0
DA:406,0
DA:412,0
DA:413,0
DA:415,0
DA:423,0
DA:424,0
DA:431,0
DA:432,0
DA:433,0
DA:434,0
DA:436,0
DA:438,0
DA:440,0
DA:446,0
DA:447,0
DA:455,0
DA:457,0
DA:458,0
DA:464,0
DA:465,0
DA:471,0
DA:476,0
DA:477,0
LF:144
LH:0
BRDA:69,0,0,0
BRDA:69,0,1,0
BRDA:109,1,0,0
BRDA:109,1,1,0
BRDA:114,2,0,0
BRDA:114,2,1,0
BRDA:115,3,0,0
BRDA:137,4,0,0
BRDA:137,4,1,0
BRDA:137,4,2,0
BRDA:137,4,3,0
BRDA:137,4,4,0
BRDA:137,4,5,0
BRDA:137,4,6,0
BRDA:166,5,0,0
BRDA:166,5,1,0
BRDA:167,6,0,0
BRDA:167,6,1,0
BRDA:168,7,0,0
BRDA:168,7,1,0
BRDA:169,8,0,0
BRDA:169,8,1,0
BRDA:171,9,0,0
BRDA:211,10,0,0
BRDA:220,11,0,0
BRDA:220,11,1,0
BRDA:258,12,0,0
BRDA:258,12,1,0
BRDA:287,13,0,0
BRDA:287,13,1,0
BRDA:288,14,0,0
BRDA:288,14,1,0
BRDA:290,15,0,0
BRDA:290,16,0,0
BRDA:290,16,1,0
BRDA:318,17,0,0
BRDA:327,18,0,0
BRDA:327,18,1,0
BRDA:364,19,0,0
BRDA:364,19,1,0
BRDA:395,20,0,0
BRDA:436,21,0,0
BRDA:436,21,1,0
BRDA:457,22,0,0
BRDA:457,23,0,0
BRDA:457,23,1,0
BRDA:468,24,0,0
BRDA:468,24,1,0
BRF:48
BRH:0
end_of_record
TN:
SF:src/app/api/market/history/route.ts
FN:7,ensureServiceInitialized
FN:14,GET
FN:53,POST
FNF:3
FNH:0
FNDA:0,ensureServiceInitialized
FNDA:0,GET
FNDA:0,POST
DA:1,0
DA:2,0
DA:5,0
DA:8,0
DA:9,0
DA:10,0
DA:14,0
DA:15,0
DA:16,0
DA:18,0
DA:19,0
DA:20,0
DA:21,0
DA:23,0
DA:24,0
DA:30,0
DA:31,0
DA:33,0
DA:40,0
DA:42,0
DA:53,0
DA:54,0
DA:55,0
DA:57,0
DA:58,0
DA:60,0
DA:61,0
DA:67,0
DA:68,0
DA:70,0
DA:77,0
DA:79,0
LF:32
LH:0
BRDA:8,0,0,0
BRDA:20,1,0,0
BRDA:20,1,1,0
BRDA:21,2,0,0
BRDA:21,2,1,0
BRDA:23,3,0,0
BRDA:45,4,0,0
BRDA:45,4,1,0
BRDA:58,5,0,0
BRDA:60,6,0,0
BRDA:82,7,0,0
BRDA:82,7,1,0
BRF:12
BRH:0
end_of_record
TN:
SF:src/app/api/market/quotes/route.ts
FN:7,ensureServiceInitialized
FN:14,GET
FN:30,(anonymous_2)
FN:61,POST
FNF:4
FNH:0
FNDA:0,ensureServiceInitialized
FNDA:0,GET
FNDA:0,(anonymous_2)
FNDA:0,POST
DA:1,0
DA:2,0
DA:5,0
DA:8,0
DA:9,0
DA:10,0
DA:14,0
DA:15,0
DA:16,0
DA:18,0
DA:19,0
DA:20,0
DA:22,0
DA:23,0
DA:29,0
DA:30,0
DA:32,0
DA:33,0
DA:35,0
DA:42,0
DA:48,0
DA:50,0
DA:61,0
DA:62,0
DA:63,0
DA:65,0
DA:66,0
DA:68,0
DA:69,0
DA:75,0
DA:77,0
DA:78,0
DA:80,0
DA:87,0
DA:93,0
DA:95,0
LF:36
LH:0
BRDA:8,0,0,0
BRDA:20,1,0,0
BRDA:20,1,1,0
BRDA:22,2,0,0
BRDA:32,3,0,0
BRDA:32,3,1,0
BRDA:53,4,0,0
BRDA:53,4,1,0
BRDA:66,5,0,0
BRDA:68,6,0,0
BRDA:68,7,0,0
BRDA:68,7,1,0
BRDA:68,7,2,0
BRDA:77,8,0,0
BRDA:77,8,1,0
BRDA:98,9,0,0
BRDA:98,9,1,0
BRF:17
BRH:0
end_of_record
TN:
SF:src/app/api/market/regime/[symbol]/route.ts
FN:66,GET
FN:232,POST
FN:262,(anonymous_2)
FN:301,detectMarketRegime
FN:345,(anonymous_4)
FN:346,(anonymous_5)
FN:347,(anonymous_6)
FN:416,calculateTrendScore
FN:424,(anonymous_8)
FN:425,(anonymous_9)
FN:433,calculateVolatilityScore
FN:443,(anonymous_11)
FN:444,(anonymous_12)
FN:453,calculateRangeScore
FN:459,(anonymous_14)
FN:460,(anonymous_15)
FN:469,calculateVolatility
FN:477,(anonymous_17)
FN:478,(anonymous_18)
FN:486,calculateMockADX
FN:492,(anonymous_20)
FN:493,(anonymous_21)
FN:494,(anonymous_22)
FN:505,calculateATR
FN:524,(anonymous_24)
FN:530,getRegimeHistory
FN:557,(anonymous_26)
FN:558,(anonymous_27)
FN:559,(anonymous_28)
FN:586,(anonymous_29)
FN:613,getRegimeTransitions
FN:629,detectTransitions
FN:653,calculateAverageDuration
FN:670,(anonymous_33)
FN:685,(anonymous_34)
FN:695,calculateTransitionFrequency
FN:736,generateRegimePredictions
FN:780,generateRegimeRecommendations
FNF:38
FNH:0
FNDA:0,GET
FNDA:0,POST
FNDA:0,(anonymous_2)
FNDA:0,detectMarketRegime
FNDA:0,(anonymous_4)
FNDA:0,(anonymous_5)
FNDA:0,(anonymous_6)
FNDA:0,calculateTrendScore
FNDA:0,(anonymous_8)
FNDA:0,(anonymous_9)
FNDA:0,calculateVolatilityScore
FNDA:0,(anonymous_11)
FNDA:0,(anonymous_12)
FNDA:0,calculateRangeScore
FNDA:0,(anonymous_14)
FNDA:0,(anonymous_15)
FNDA:0,calculateVolatility
FNDA:0,(anonymous_17)
FNDA:0,(anonymous_18)
FNDA:0,calculateMockADX
FNDA:0,(anonymous_20)
FNDA:0,(anonymous_21)
FNDA:0,(anonymous_22)
FNDA:0,calculateATR
FNDA:0,(anonymous_24)
FNDA:0,getRegimeHistory
FNDA:0,(anonymous_26)
FNDA:0,(anonymous_27)
FNDA:0,(anonymous_28)
FNDA:0,(anonymous_29)
FNDA:0,getRegimeTransitions
FNDA:0,detectTransitions
FNDA:0,calculateAverageDuration
FNDA:0,(anonymous_33)
FNDA:0,(anonymous_34)
FNDA:0,calculateTransitionFrequency
FNDA:0,generateRegimePredictions
FNDA:0,generateRegimeRecommendations
DA:7,0
DA:8,0
DA:9,0
DA:10,0
DA:11,0
DA:12,0
DA:22,0
DA:66,0
DA:70,0
DA:72,0
DA:73,0
DA:74,0
DA:83,0
DA:84,0
DA:87,0
DA:96,0
DA:99,0
DA:100,0
DA:111,0
DA:120,0
DA:121,0
DA:127,0
DA:129,0
DA:130,0
DA:141,0
DA:142,0
DA:143,0
DA:148,0
DA:150,0
DA:151,0
DA:156,0
DA:157,0
DA:158,0
DA:163,0
DA:165,0
DA:166,0
DA:171,0
DA:172,0
DA:173,0
DA:178,0
DA:180,0
DA:181,0
DA:186,0
DA:187,0
DA:192,0
DA:194,0
DA:195,0
DA:198,0
DA:204,0
DA:206,0
DA:207,0
DA:217,0
DA:232,0
DA:236,0
DA:238,0
DA:239,0
DA:240,0
DA:249,0
DA:250,0
DA:253,0
DA:258,0
DA:261,0
DA:262,0
DA:263,0
DA:264,0
DA:268,0
DA:271,0
DA:274,0
DA:276,0
DA:277,0
DA:287,0
DA:307,0
DA:308,0
DA:309,0
DA:310,0
DA:312,0
DA:319,0
DA:320,0
DA:324,0
DA:345,0
DA:346,0
DA:347,0
DA:350,0
DA:353,0
DA:356,0
DA:359,0
DA:360,0
DA:361,0
DA:366,0
DA:367,0
DA:368,0
DA:369,0
DA:370,0
DA:371,0
DA:372,0
DA:373,0
DA:374,0
DA:377,0
DA:378,0
DA:382,0
DA:383,0
DA:384,0
DA:387,0
DA:390,0
DA:392,0
DA:409,0
DA:417,0
DA:419,0
DA:420,0
DA:422,0
DA:424,0
DA:425,0
DA:427,0
DA:434,0
DA:436,0
DA:437,0
DA:439,0
DA:440,0
DA:443,0
DA:444,0
DA:445,0
DA:447,0
DA:454,0
DA:456,0
DA:457,0
DA:459,0
DA:460,0
DA:461,0
DA:463,0
DA:470,0
DA:472,0
DA:473,0
DA:474,0
DA:477,0
DA:478,0
DA:480,0
DA:488,0
DA:489,0
DA:490,0
DA:492,0
DA:493,0
DA:494,0
DA:496,0
DA:497,0
DA:499,0
DA:506,0
DA:507,0
DA:510,0
DA:511,0
DA:512,0
DA:513,0
DA:514,0
DA:516,0
DA:521,0
DA:524,0
DA:535,0
DA:536,0
DA:537,0
DA:538,0
DA:540,0
DA:547,0
DA:548,0
DA:552,0
DA:553,0
DA:555,0
DA:556,0
DA:557,0
DA:558,0
DA:559,0
DA:561,0
DA:562,0
DA:565,0
DA:566,0
DA:567,0
DA:568,0
DA:570,0
DA:573,0
DA:586,0
DA:587,0
DA:588,0
DA:591,0
DA:593,0
DA:606,0
DA:618,0
DA:619,0
DA:620,0
DA:622,0
DA:630,0
DA:632,0
DA:633,0
DA:634,0
DA:636,0
DA:637,0
DA:647,0
DA:657,0
DA:665,0
DA:666,0
DA:667,0
DA:668,0
DA:669,0
DA:670,0
DA:674,0
DA:675,0
DA:676,0
DA:677,0
DA:681,0
DA:682,0
DA:683,0
DA:684,0
DA:685,0
DA:689,0
DA:696,0
DA:723,0
DA:724,0
DA:725,0
DA:727,0
DA:730,0
DA:742,0
DA:743,0
DA:745,0
DA:746,0
DA:752,0
DA:754,0
DA:755,0
DA:756,0
DA:758,0
DA:759,0
DA:762,0
DA:764,0
DA:767,0
DA:774,0
DA:785,0
DA:794,0
DA:796,0
DA:801,0
DA:806,0
DA:807,0
DA:808,0
DA:811,0
DA:816,0
DA:821,0
DA:822,0
DA:823,0
DA:826,0
DA:831,0
DA:836,0
DA:837,0
DA:838,0
DA:841,0
DA:846,0
DA:851,0
DA:852,0
DA:853,0
DA:854,0
DA:858,0
DA:859,0
DA:860,0
DA:864,0
DA:865,0
DA:868,0
DA:869,0
DA:872,0
LF:262
LH:0
BRDA:73,0,0,0
BRDA:88,1,0,0
BRDA:88,1,1,0
BRDA:89,2,0,0
BRDA:89,2,1,0
BRDA:93,3,0,0
BRDA:93,3,1,0
BRDA:99,4,0,0
BRDA:99,5,0,0
BRDA:99,5,1,0
BRDA:99,5,2,0
BRDA:135,6,0,0
BRDA:135,6,1,0
BRDA:141,7,0,0
BRDA:156,8,0,0
BRDA:171,9,0,0
BRDA:206,10,0,0
BRDA:222,11,0,0
BRDA:222,11,1,0
BRDA:239,12,0,0
BRDA:263,13,0,0
BRDA:263,14,0,0
BRDA:263,14,1,0
BRDA:276,15,0,0
BRDA:292,16,0,0
BRDA:292,16,1,0
BRDA:319,17,0,0
BRDA:324,18,0,0
BRDA:324,18,1,0
BRDA:366,19,0,0
BRDA:366,19,1,0
BRDA:369,20,0,0
BRDA:369,20,1,0
BRDA:370,21,0,0
BRDA:370,21,1,0
BRDA:372,22,0,0
BRDA:372,22,1,0
BRDA:409,23,0,0
BRDA:409,23,1,0
BRDA:417,24,0,0
BRDA:422,25,0,0
BRDA:434,26,0,0
BRDA:454,27,0,0
BRDA:454,28,0,0
BRDA:454,28,1,0
BRDA:470,29,0,0
BRDA:506,30,0,0
BRDA:506,31,0,0
BRDA:506,31,1,0
BRDA:506,31,2,0
BRDA:547,32,0,0
BRDA:565,33,0,0
BRDA:565,33,1,0
BRDA:567,34,0,0
BRDA:567,34,1,0
BRDA:568,35,0,0
BRDA:568,35,1,0
BRDA:587,36,0,0
BRDA:587,36,1,0
BRDA:606,37,0,0
BRDA:606,37,1,0
BRDA:622,38,0,0
BRDA:622,38,1,0
BRDA:636,39,0,0
BRDA:674,40,0,0
BRDA:684,41,0,0
BRDA:684,41,1,0
BRDA:724,42,0,0
BRDA:752,43,0,0
BRDA:752,43,1,0
BRDA:754,44,0,0
BRDA:754,44,1,0
BRDA:756,45,0,0
BRDA:756,45,1,0
BRDA:756,46,0,0
BRDA:756,46,1,0
BRDA:758,47,0,0
BRDA:758,47,1,0
BRDA:762,48,0,0
BRDA:762,48,1,0
BRDA:763,49,0,0
BRDA:763,49,1,0
BRDA:794,50,0,0
BRDA:794,50,1,0
BRDA:794,50,2,0
BRDA:794,50,3,0
BRDA:858,51,0,0
BRDA:864,52,0,0
BRDA:864,53,0,0
BRDA:864,53,1,0
BRDA:868,54,0,0
BRDA:868,55,0,0
BRDA:868,55,1,0
BRF:93
BRH:0
end_of_record
TN:
SF:src/app/api/mtf/analysis/route.ts
FN:12,POST
FN:104,(anonymous_1)
FN:120,GET
FN:157,(anonymous_3)
FN:253,(anonymous_4)
FNF:5
FNH:0
FNDA:0,POST
FNDA:0,(anonymous_1)
FNDA:0,GET
FNDA:0,(anonymous_3)
FNDA:0,(anonymous_4)
DA:7,0
DA:8,0
DA:9,0
DA:12,0
DA:13,0
DA:14,0
DA:15,0
DA:18,0
DA:19,0
DA:26,0
DA:27,0
DA:28,0
DA:35,0
DA:36,0
DA:38,0
DA:39,0
DA:46,0
DA:49,0
DA:50,0
DA:56,0
DA:58,0
DA:59,0
DA:66,0
DA:67,0
DA:68,0
DA:74,0
DA:76,0
DA:78,0
DA:83,0
DA:90,0
DA:93,0
DA:96,0
DA:98,0
DA:105,0
DA:106,0
DA:112,0
DA:113,0
DA:120,0
DA:121,0
DA:122,0
DA:123,0
DA:124,0
DA:125,0
DA:126,0
DA:127,0
DA:130,0
DA:131,0
DA:138,0
DA:157,0
DA:184,0
DA:185,0
DA:187,0
DA:188,0
DA:195,0
DA:198,0
DA:199,0
DA:205,0
DA:207,0
DA:208,0
DA:215,0
DA:216,0
DA:217,0
DA:223,0
DA:225,0
DA:227,0
DA:232,0
DA:239,0
DA:242,0
DA:245,0
DA:247,0
DA:254,0
DA:255,0
DA:262,0
DA:263,0
LF:74
LH:0
BRDA:18,0,0,0
BRDA:18,1,0,0
BRDA:18,1,1,0
BRDA:18,1,2,0
BRDA:27,2,0,0
BRDA:38,3,0,0
BRDA:38,4,0,0
BRDA:38,4,1,0
BRDA:114,5,0,0
BRDA:114,5,1,0
BRDA:130,6,0,0
BRDA:130,7,0,0
BRDA:130,7,1,0
BRDA:130,7,2,0
BRDA:130,7,3,0
BRDA:130,7,4,0
BRDA:187,8,0,0
BRDA:187,9,0,0
BRDA:187,9,1,0
BRDA:264,10,0,0
BRDA:264,10,1,0
BRF:21
BRH:0
end_of_record
TN:
SF:src/app/api/mtf/backtest/route.ts
FN:11,POST
FN:68,GET
FN:127,(anonymous_2)
FNF:3
FNH:0
FNDA:0,POST
FNDA:0,GET
FNDA:0,(anonymous_2)
DA:7,0
DA:8,0
DA:11,0
DA:12,0
DA:13,0
DA:14,0
DA:17,0
DA:18,0
DA:25,0
DA:26,0
DA:28,0
DA:29,0
DA:36,0
DA:37,0
DA:44,0
DA:54,0
DA:60,0
DA:61,0
DA:68,0
DA:69,0
DA:70,0
DA:71,0
DA:72,0
DA:73,0
DA:74,0
DA:75,0
DA:76,0
DA:77,0
DA:80,0
DA:81,0
DA:88,0
DA:89,0
DA:90,0
DA:97,0
DA:98,0
DA:100,0
DA:101,0
DA:108,0
DA:127,0
DA:154,0
DA:164,0
DA:171,0
DA:172,0
LF:43
LH:0
BRDA:17,0,0,0
BRDA:17,1,0,0
BRDA:17,1,1,0
BRDA:17,1,2,0
BRDA:28,2,0,0
BRDA:28,3,0,0
BRDA:28,3,1,0
BRDA:36,4,0,0
BRDA:36,5,0,0
BRDA:36,5,1,0
BRDA:62,6,0,0
BRDA:62,6,1,0
BRDA:80,7,0,0
BRDA:80,8,0,0
BRDA:80,8,1,0
BRDA:80,8,2,0
BRDA:80,8,3,0
BRDA:80,8,4,0
BRDA:80,8,5,0
BRDA:80,8,6,0
BRDA:89,9,0,0
BRDA:89,10,0,0
BRDA:89,10,1,0
BRDA:100,11,0,0
BRDA:100,12,0,0
BRDA:100,12,1,0
BRDA:173,13,0,0
BRDA:173,13,1,0
BRF:28
BRH:0
end_of_record
TN:
SF:src/app/api/positions/route.ts
FN:11,GET
FN:42,(anonymous_1)
FN:66,(anonymous_2)
FN:72,(anonymous_3)
FN:73,(anonymous_4)
FN:79,(anonymous_5)
FN:96,(anonymous_6)
FN:102,(anonymous_7)
FN:138,(anonymous_8)
FN:138,(anonymous_9)
FN:141,(anonymous_10)
FN:141,(anonymous_11)
FN:143,(anonymous_12)
FN:144,(anonymous_13)
FN:145,(anonymous_14)
FN:146,(anonymous_15)
FN:166,(anonymous_16)
FN:170,(anonymous_17)
FNF:18
FNH:0
FNDA:0,GET
FNDA:0,(anonymous_1)
FNDA:0,(anonymous_2)
FNDA:0,(anonymous_3)
FNDA:0,(anonymous_4)
FNDA:0,(anonymous_5)
FNDA:0,(anonymous_6)
FNDA:0,(anonymous_7)
FNDA:0,(anonymous_8)
FNDA:0,(anonymous_9)
FNDA:0,(anonymous_10)
FNDA:0,(anonymous_11)
FNDA:0,(anonymous_12)
FNDA:0,(anonymous_13)
FNDA:0,(anonymous_14)
FNDA:0,(anonymous_15)
FNDA:0,(anonymous_16)
FNDA:0,(anonymous_17)
DA:4,0
DA:5,0
DA:6,0
DA:7,0
DA:9,0
DA:11,0
DA:12,0
DA:13,0
DA:15,0
DA:16,0
DA:23,0
DA:37,0
DA:42,0
DA:65,0
DA:66,0
DA:68,0
DA:69,0
DA:72,0
DA:73,0
DA:74,0
DA:77,0
DA:79,0
DA:80,0
DA:81,0
DA:82,0
DA:85,0
DA:86,0
DA:87,0
DA:88,0
DA:89,0
DA:90,0
DA:91,0
DA:96,0
DA:97,0
DA:98,0
DA:99,0
DA:102,0
DA:130,0
DA:138,0
DA:141,0
DA:143,0
DA:144,0
DA:145,0
DA:146,0
DA:150,0
DA:160,0
DA:166,0
DA:170,0
DA:175,0
DA:177,0
LF:50
LH:0
BRDA:15,0,0,0
BRDA:68,1,0,0
BRDA:68,1,1,0
BRDA:72,2,0,0
BRDA:72,2,1,0
BRDA:73,3,0,0
BRDA:73,3,1,0
BRDA:81,4,0,0
BRDA:85,5,0,0
BRDA:85,5,1,0
BRDA:86,6,0,0
BRDA:86,6,1,0
BRDA:89,7,0,0
BRDA:96,8,0,0
BRDA:96,8,1,0
BRDA:109,9,0,0
BRDA:109,9,1,0
BRDA:111,10,0,0
BRDA:111,10,1,0
BRDA:112,11,0,0
BRDA:112,11,1,0
BRDA:115,12,0,0
BRDA:115,12,1,0
BRDA:116,13,0,0
BRDA:116,13,1,0
BRDA:118,14,0,0
BRDA:118,14,1,0
BRDA:119,15,0,0
BRDA:119,15,1,0
BRDA:122,16,0,0
BRDA:122,16,1,0
BRDA:123,17,0,0
BRDA:123,17,1,0
BRDA:126,18,0,0
BRDA:126,18,1,0
BRDA:126,19,0,0
BRDA:126,19,1,0
BRDA:136,20,0,0
BRDA:136,20,1,0
BRDA:137,21,0,0
BRDA:137,21,1,0
BRDA:138,22,0,0
BRDA:138,22,1,0
BRDA:138,23,0,0
BRDA:138,23,1,0
BRDA:140,24,0,0
BRDA:140,24,1,0
BRDA:141,25,0,0
BRDA:141,25,1,0
BRDA:141,26,0,0
BRDA:141,26,1,0
BRDA:143,27,0,0
BRDA:143,27,1,0
BRDA:144,28,0,0
BRDA:144,28,1,0
BRDA:145,29,0,0
BRDA:145,29,1,0
BRDA:146,30,0,0
BRDA:146,30,1,0
BRDA:155,31,0,0
BRDA:155,31,1,0
BRDA:157,32,0,0
BRDA:157,32,1,0
BRDA:178,33,0,0
BRDA:178,33,1,0
BRF:65
BRH:0
end_of_record
TN:
SF:src/app/api/pusher/auth/route.ts
FN:13,POST
FNF:1
FNH:0
FNDA:0,POST
DA:8,0
DA:9,0
DA:10,0
DA:11,0
DA:13,0
DA:14,0
DA:15,0
DA:17,0
DA:18,0
DA:24,0
DA:25,0
DA:26,0
DA:28,0
DA:29,0
DA:36,0
DA:39,0
DA:40,0
DA:41,0
DA:42,0
DA:50,0
DA:51,0
DA:57,0
DA:60,0
DA:68,0
DA:70,0
DA:71,0
LF:26
LH:0
BRDA:17,0,0,0
BRDA:28,1,0,0
BRDA:28,2,0,0
BRDA:28,2,1,0
BRDA:39,3,0,0
BRDA:41,4,0,0
BRDA:50,5,0,0
BRF:7
BRH:0
end_of_record
TN:
SF:src/app/api/risk/exposure/route.ts
FN:11,GET
FN:36,(anonymous_1)
FN:50,(anonymous_2)
FN:67,(anonymous_3)
FN:121,(anonymous_4)
FN:147,(anonymous_5)
FN:148,(anonymous_6)
FN:164,(anonymous_7)
FN:174,(anonymous_8)
FN:225,(anonymous_9)
FN:260,(anonymous_10)
FN:261,(anonymous_11)
FN:262,(anonymous_12)
FN:276,calculateRiskScore
FN:279,(anonymous_14)
FN:299,getRiskLevel
FN:300,(anonymous_16)
FN:301,(anonymous_17)
FN:302,(anonymous_18)
FNF:19
FNH:0
FNDA:0,GET
FNDA:0,(anonymous_1)
FNDA:0,(anonymous_2)
FNDA:0,(anonymous_3)
FNDA:0,(anonymous_4)
FNDA:0,(anonymous_5)
FNDA:0,(anonymous_6)
FNDA:0,(anonymous_7)
FNDA:0,(anonymous_8)
FNDA:0,(anonymous_9)
FNDA:0,(anonymous_10)
FNDA:0,(anonymous_11)
FNDA:0,(anonymous_12)
FNDA:0,calculateRiskScore
FNDA:0,(anonymous_14)
FNDA:0,getRiskLevel
FNDA:0,(anonymous_16)
FNDA:0,(anonymous_17)
FNDA:0,(anonymous_18)
DA:4,0
DA:5,0
DA:6,0
DA:7,0
DA:9,0
DA:11,0
DA:12,0
DA:13,0
DA:15,0
DA:16,0
DA:23,0
DA:31,0
DA:36,0
DA:50,0
DA:51,0
DA:65,0
DA:67,0
DA:68,0
DA:69,0
DA:70,0
DA:84,0
DA:85,0
DA:86,0
DA:88,0
DA:89,0
DA:91,0
DA:92,0
DA:93,0
DA:94,0
DA:95,0
DA:96,0
DA:97,0
DA:98,0
DA:99,0
DA:100,0
DA:104,0
DA:105,0
DA:108,0
DA:119,0
DA:121,0
DA:122,0
DA:123,0
DA:124,0
DA:133,0
DA:134,0
DA:135,0
DA:137,0
DA:138,0
DA:141,0
DA:146,0
DA:147,0
DA:148,0
DA:151,0
DA:152,0
DA:153,0
DA:156,0
DA:157,0
DA:159,0
DA:164,0
DA:170,0
DA:171,0
DA:172,0
DA:174,0
DA:175,0
DA:176,0
DA:177,0
DA:178,0
DA:188,0
DA:191,0
DA:192,0
DA:202,0
DA:203,0
DA:213,0
DA:214,0
DA:215,0
DA:225,0
DA:226,0
DA:227,0
DA:237,0
DA:252,0
DA:260,0
DA:261,0
DA:262,0
DA:267,0
DA:269,0
DA:277,0
DA:279,0
DA:280,0
DA:282,0
DA:283,0
DA:285,0
DA:286,0
DA:288,0
DA:289,0
DA:291,0
DA:292,0
DA:296,0
DA:300,0
DA:301,0
DA:302,0
DA:304,0
DA:305,0
DA:306,0
DA:307,0
LF:104
LH:0
BRDA:15,0,0,0
BRDA:50,1,0,0
BRDA:50,1,1,0
BRDA:69,2,0,0
BRDA:84,3,0,0
BRDA:84,3,1,0
BRDA:86,4,0,0
BRDA:86,4,1,0
BRDA:91,5,0,0
BRDA:91,5,1,0
BRDA:96,6,0,0
BRDA:104,7,0,0
BRDA:105,8,0,0
BRDA:105,8,1,0
BRDA:122,9,0,0
BRDA:122,9,1,0
BRDA:123,10,0,0
BRDA:134,11,0,0
BRDA:134,11,1,0
BRDA:135,12,0,0
BRDA:135,12,1,0
BRDA:137,13,0,0
BRDA:138,14,0,0
BRDA:138,14,1,0
BRDA:139,15,0,0
BRDA:139,15,1,0
BRDA:140,16,0,0
BRDA:140,16,1,0
BRDA:147,17,0,0
BRDA:147,17,1,0
BRDA:148,18,0,0
BRDA:148,18,1,0
BRDA:153,19,0,0
BRDA:153,19,1,0
BRDA:175,20,0,0
BRDA:175,20,1,0
BRDA:176,21,0,0
BRDA:178,22,0,0
BRDA:191,23,0,0
BRDA:194,24,0,0
BRDA:194,24,1,0
BRDA:202,25,0,0
BRDA:205,26,0,0
BRDA:205,26,1,0
BRDA:205,27,0,0
BRDA:205,27,1,0
BRDA:213,28,0,0
BRDA:213,28,1,0
BRDA:214,29,0,0
BRDA:217,30,0,0
BRDA:217,30,1,0
BRDA:226,31,0,0
BRDA:229,32,0,0
BRDA:229,32,1,0
BRDA:246,33,0,0
BRDA:246,33,1,0
BRDA:270,34,0,0
BRDA:270,34,1,0
BRDA:280,35,0,0
BRDA:280,35,1,0
BRDA:280,35,2,0
BRDA:280,35,3,0
BRDA:304,36,0,0
BRDA:305,37,0,0
BRDA:306,38,0,0
BRF:65
BRH:0
end_of_record
TN:
SF:src/app/api/signals/route.ts
FN:35,POST
FN:159,GET
FN:195,(anonymous_2)
FNF:3
FNH:0
FNDA:0,POST
FNDA:0,GET
FNDA:0,(anonymous_2)
DA:7,0
DA:8,0
DA:9,0
DA:10,0
DA:11,0
DA:12,0
DA:13,0
DA:14,0
DA:17,0
DA:35,0
DA:36,0
DA:38,0
DA:39,0
DA:40,0
DA:46,0
DA:47,0
DA:50,0
DA:54,0
DA:55,0
DA:61,0
DA:62,0
DA:69,0
DA:70,0
DA:71,0
DA:78,0
DA:80,0
DA:81,0
DA:88,0
DA:89,0
DA:90,0
DA:91,0
DA:94,0
DA:117,0
DA:118,0
DA:119,0
DA:120,0
DA:126,0
DA:129,0
DA:132,0
DA:142,0
DA:143,0
DA:148,0
DA:149,0
DA:159,0
DA:160,0
DA:162,0
DA:163,0
DA:164,0
DA:170,0
DA:171,0
DA:172,0
DA:175,0
DA:180,0
DA:181,0
DA:188,0
DA:194,0
DA:195,0
DA:199,0
DA:200,0
LF:59
LH:0
BRDA:39,0,0,0
BRDA:54,1,0,0
BRDA:61,2,0,0
BRDA:70,3,0,0
BRDA:80,4,0,0
BRDA:89,5,0,0
BRDA:99,6,0,0
BRDA:99,6,1,0
BRDA:101,7,0,0
BRDA:101,7,1,0
BRDA:101,8,0,0
BRDA:101,8,1,0
BRDA:117,9,0,0
BRDA:117,9,1,0
BRDA:119,10,0,0
BRDA:134,11,0,0
BRDA:134,11,1,0
BRDA:142,12,0,0
BRDA:163,13,0,0
BRDA:172,14,0,0
BRDA:172,14,1,0
BRDA:180,15,0,0
BRF:22
BRH:0
end_of_record
TN:
SF:src/app/api/strategy/route.ts
FN:27,GET
FN:103,(anonymous_1)
FN:128,POST
FNF:3
FNH:0
FNDA:0,GET
FNDA:0,(anonymous_1)
FNDA:0,POST
DA:1,0
DA:2,0
DA:3,0
DA:5,0
DA:6,0
DA:7,0
DA:8,0
DA:15,0
DA:17,0
DA:27,0
DA:28,0
DA:29,0
DA:31,0
DA:32,0
DA:35,0
DA:36,0
DA:37,0
DA:38,0
DA:39,0
DA:40,0
DA:41,0
DA:42,0
DA:43,0
DA:46,0
DA:61,0
DA:62,0
DA:63,0
DA:64,0
DA:65,0
DA:66,0
DA:67,0
DA:69,0
DA:73,0
DA:82,0
DA:85,0
DA:96,0
DA:103,0
DA:104,0
DA:105,0
DA:108,0
DA:124,0
DA:128,0
DA:129,0
DA:130,0
DA:132,0
DA:133,0
DA:136,0
DA:138,0
DA:139,0
DA:140,0
DA:148,0
DA:150,0
DA:159,0
DA:160,0
DA:163,0
DA:177,0
DA:188,0
DA:190,0
DA:192,0
LF:59
LH:0
BRDA:31,0,0,0
BRDA:39,1,0,0
BRDA:39,1,1,0
BRDA:40,2,0,0
BRDA:40,2,1,0
BRDA:41,3,0,0
BRDA:41,3,1,0
BRDA:42,4,0,0
BRDA:42,4,1,0
BRDA:49,5,0,0
BRDA:49,5,1,0
BRDA:49,6,0,0
BRDA:49,6,1,0
BRDA:50,7,0,0
BRDA:50,7,1,0
BRDA:51,8,0,0
BRDA:51,8,1,0
BRDA:62,9,0,0
BRDA:62,9,1,0
BRDA:64,10,0,0
BRDA:64,10,1,0
BRDA:66,11,0,0
BRDA:66,11,1,0
BRDA:132,12,0,0
BRDA:139,13,0,0
BRDA:159,14,0,0
BRF:26
BRH:0
end_of_record
TN:
SF:src/app/api/strategy/[id]/route.ts
FN:15,validateStrategyOwnership
FN:130,GET
FN:182,PATCH
FN:291,DELETE
FNF:4
FNH:0
FNDA:0,validateStrategyOwnership
FNDA:0,GET
FNDA:0,PATCH
FNDA:0,DELETE
DA:1,0
DA:2,0
DA:3,0
DA:5,0
DA:6,0
DA:7,0
DA:8,0
DA:9,0
DA:21,0
DA:33,0
DA:34,0
DA:37,0
DA:38,0
DA:41,0
DA:42,0
DA:46,0
DA:59,0
DA:61,0
DA:75,0
DA:79,0
DA:81,0
DA:96,0
DA:100,0
DA:101,0
DA:117,0
DA:120,0
DA:122,0
DA:130,0
DA:134,0
DA:136,0
DA:137,0
DA:138,0
DA:141,0
DA:143,0
DA:144,0
DA:148,0
DA:151,0
DA:176,0
DA:178,0
DA:182,0
DA:186,0
DA:188,0
DA:189,0
DA:190,0
DA:193,0
DA:195,0
DA:196,0
DA:199,0
DA:200,0
DA:202,0
DA:203,0
DA:212,0
DA:215,0
DA:217,0
DA:232,0
DA:233,0
DA:243,0
DA:272,0
DA:283,0
DA:285,0
DA:287,0
DA:291,0
DA:295,0
DA:296,0
DA:298,0
DA:299,0
DA:303,0
DA:306,0
DA:313,0
DA:314,0
DA:323,0
DA:324,0
DA:326,0
DA:327,0
DA:336,0
DA:343,0
DA:344,0
DA:352,0
DA:357,0
DA:368,0
DA:370,0
DA:372,0
LF:82
LH:0
BRDA:18,0,0,0
BRDA:33,1,0,0
BRDA:37,2,0,0
BRDA:37,3,0,0
BRDA:37,3,1,0
BRDA:37,3,2,0
BRDA:41,4,0,0
BRDA:59,5,0,0
BRDA:79,6,0,0
BRDA:100,7,0,0
BRDA:100,8,0,0
BRDA:100,8,1,0
BRDA:137,9,0,0
BRDA:143,10,0,0
BRDA:189,11,0,0
BRDA:195,12,0,0
BRDA:202,13,0,0
BRDA:215,14,0,0
BRDA:232,15,0,0
BRDA:247,16,0,0
BRDA:247,16,1,0
BRDA:298,17,0,0
BRDA:313,18,0,0
BRDA:326,19,0,0
BRDA:343,20,0,0
BRF:25
BRH:0
end_of_record
TN:
SF:src/app/api/strategy/[id]/activate/route.ts
FN:27,POST
FN:114,(anonymous_1)
FN:138,(anonymous_2)
FN:186,DELETE
FN:232,(anonymous_4)
FNF:5
FNH:0
FNDA:0,POST
FNDA:0,(anonymous_1)
FNDA:0,(anonymous_2)
FNDA:0,DELETE
FNDA:0,(anonymous_4)
DA:1,0
DA:2,0
DA:3,0
DA:5,0
DA:6,0
DA:7,0
DA:8,0
DA:10,0
DA:12,0
DA:27,0
DA:31,0
DA:32,0
DA:33,0
DA:34,0
DA:38,0
DA:39,0
DA:41,0
DA:42,0
DA:50,0
DA:53,0
DA:61,0
DA:62,0
DA:66,0
DA:73,0
DA:75,0
DA:76,0
DA:78,0
DA:87,0
DA:89,0
DA:97,0
DA:104,0
DA:105,0
DA:113,0
DA:115,0
DA:137,0
DA:139,0
DA:158,0
DA:165,0
DA:169,0
DA:178,0
DA:186,0
DA:190,0
DA:191,0
DA:192,0
DA:193,0
DA:197,0
DA:211,0
DA:212,0
DA:216,0
DA:222,0
DA:231,0
DA:233,0
DA:248,0
DA:255,0
DA:259,0
DA:265,0
LF:56
LH:0
BRDA:33,0,0,0
BRDA:41,1,0,0
BRDA:61,2,0,0
BRDA:73,3,0,0
BRDA:73,3,1,0
BRDA:87,4,0,0
BRDA:87,4,1,0
BRDA:87,5,0,0
BRDA:87,5,1,0
BRDA:104,6,0,0
BRDA:126,7,0,0
BRDA:126,7,1,0
BRDA:130,8,0,0
BRDA:130,8,1,0
BRDA:150,9,0,0
BRDA:150,9,1,0
BRDA:192,10,0,0
BRDA:211,11,0,0
BRF:18
BRH:0
end_of_record
TN:
SF:src/app/api/strategy/[id]/assignments/route.ts
FN:15,GET
FN:61,(anonymous_1)
FN:80,(anonymous_2)
FN:103,POST
FNF:4
FNH:0
FNDA:0,GET
FNDA:0,(anonymous_1)
FNDA:0,(anonymous_2)
FNDA:0,POST
DA:1,0
DA:2,0
DA:3,0
DA:5,0
DA:6,0
DA:7,0
DA:9,0
DA:15,0
DA:19,0
DA:20,0
DA:21,0
DA:22,0
DA:26,0
DA:34,0
DA:35,0
DA:39,0
DA:60,0
DA:61,0
DA:62,0
DA:67,0
DA:76,0
DA:80,0
DA:83,0
DA:87,0
DA:103,0
DA:107,0
DA:108,0
DA:109,0
DA:110,0
DA:114,0
DA:115,0
DA:117,0
DA:118,0
DA:126,0
DA:129,0
DA:137,0
DA:138,0
DA:142,0
DA:150,0
DA:151,0
DA:155,0
DA:164,0
DA:165,0
DA:173,0
DA:186,0
DA:192,0
LF:46
LH:0
BRDA:21,0,0,0
BRDA:34,1,0,0
BRDA:62,2,0,0
BRDA:62,2,1,0
BRDA:109,3,0,0
BRDA:117,4,0,0
BRDA:137,5,0,0
BRDA:150,6,0,0
BRDA:164,7,0,0
BRDA:177,8,0,0
BRDA:177,8,1,0
BRDA:178,9,0,0
BRDA:178,9,1,0
BRF:13
BRH:0
end_of_record
TN:
SF:src/app/api/strategy/[id]/assignments/[executorId]/route.ts
FN:15,DELETE
FN:103,PATCH
FNF:2
FNH:0
FNDA:0,DELETE
FNDA:0,PATCH
DA:1,0
DA:2,0
DA:4,0
DA:5,0
DA:6,0
DA:7,0
DA:9,0
DA:15,0
DA:19,0
DA:20,0
DA:21,0
DA:22,0
DA:26,0
DA:34,0
DA:35,0
DA:39,0
DA:51,0
DA:52,0
DA:56,0
DA:57,0
DA:72,0
DA:81,0
DA:90,0
DA:95,0
DA:103,0
DA:107,0
DA:108,0
DA:109,0
DA:110,0
DA:113,0
DA:114,0
DA:116,0
DA:117,0
DA:121,0
DA:129,0
DA:130,0
DA:134,0
DA:146,0
DA:152,0
DA:167,0
DA:174,0
DA:180,0
LF:42
LH:0
BRDA:21,0,0,0
BRDA:34,1,0,0
BRDA:51,2,0,0
BRDA:56,3,0,0
BRDA:109,4,0,0
BRDA:116,5,0,0
BRDA:129,6,0,0
BRDA:146,7,0,0
BRDA:146,7,1,0
BRDA:148,8,0,0
BRDA:148,8,1,0
BRF:11
BRH:0
end_of_record
TN:
SF:src/app/api/strategy/analyze-market/route.ts
FN:40,POST
FN:294,GET
FN:366,detectMarketRegime
FN:388,(anonymous_3)
FN:429,calculateVolatility
FN:437,(anonymous_5)
FN:438,(anonymous_6)
FN:446,formatMarketDataForAI
FN:509,generateStrategyRecommendations
FN:605,(anonymous_9)
FNF:10
FNH:0
FNDA:0,POST
FNDA:0,GET
FNDA:0,detectMarketRegime
FNDA:0,(anonymous_3)
FNDA:0,calculateVolatility
FNDA:0,(anonymous_5)
FNDA:0,(anonymous_6)
FNDA:0,formatMarketDataForAI
FNDA:0,generateStrategyRecommendations
FNDA:0,(anonymous_9)
DA:7,0
DA:8,0
DA:9,0
DA:10,0
DA:11,0
DA:12,0
DA:13,0
DA:14,0
DA:19,0
DA:20,0
DA:23,0
DA:40,0
DA:41,0
DA:43,0
DA:44,0
DA:45,0
DA:54,0
DA:55,0
DA:68,0
DA:71,0
DA:81,0
DA:82,0
DA:88,0
DA:90,0
DA:91,0
DA:102,0
DA:103,0
DA:104,0
DA:105,0
DA:107,0
DA:114,0
DA:115,0
DA:124,0
DA:139,0
DA:140,0
DA:144,0
DA:145,0
DA:147,0
DA:153,0
DA:154,0
DA:156,0
DA:157,0
DA:158,0
DA:159,0
DA:160,0
DA:162,0
DA:169,0
DA:170,0
DA:174,0
DA:182,0
DA:200,0
DA:206,0
DA:207,0
DA:212,0
DA:213,0
DA:214,0
DA:215,0
DA:217,0
DA:218,0
DA:223,0
DA:224,0
DA:225,0
DA:226,0
DA:228,0
DA:234,0
DA:236,0
DA:237,0
DA:245,0
DA:246,0
DA:247,0
DA:253,0
DA:255,0
DA:256,0
DA:260,0
DA:266,0
DA:268,0
DA:269,0
DA:279,0
DA:294,0
DA:295,0
DA:297,0
DA:298,0
DA:299,0
DA:308,0
DA:311,0
DA:325,0
DA:326,0
DA:337,0
DA:340,0
DA:347,0
DA:350,0
DA:352,0
DA:372,0
DA:373,0
DA:374,0
DA:376,0
DA:383,0
DA:384,0
DA:388,0
DA:389,0
DA:390,0
DA:395,0
DA:396,0
DA:397,0
DA:398,0
DA:399,0
DA:400,0
DA:401,0
DA:402,0
DA:403,0
DA:405,0
DA:406,0
DA:409,0
DA:430,0
DA:432,0
DA:433,0
DA:434,0
DA:437,0
DA:438,0
DA:440,0
DA:447,0
DA:449,0
DA:460,0
DA:461,0
DA:473,0
DA:474,0
DA:481,0
DA:482,0
DA:490,0
DA:491,0
DA:499,0
DA:503,0
DA:515,0
DA:517,0
DA:529,0
DA:530,0
DA:535,0
DA:536,0
DA:542,0
DA:550,0
DA:551,0
DA:557,0
DA:565,0
DA:566,0
DA:573,0
DA:574,0
DA:575,0
DA:576,0
DA:578,0
DA:582,0
DA:583,0
DA:584,0
DA:585,0
DA:587,0
DA:591,0
DA:592,0
DA:595,0
DA:596,0
DA:600,0
DA:605,0
DA:607,0
LF:161
LH:0
BRDA:44,0,0,0
BRDA:96,1,0,0
BRDA:96,1,1,0
BRDA:114,2,0,0
BRDA:131,3,0,0
BRDA:131,3,1,0
BRDA:134,4,0,0
BRDA:134,4,1,0
BRDA:144,5,0,0
BRDA:144,6,0,0
BRDA:144,6,1,0
BRDA:212,7,0,0
BRDA:212,8,0,0
BRDA:212,8,1,0
BRDA:223,9,0,0
BRDA:245,10,0,0
BRDA:268,11,0,0
BRDA:284,12,0,0
BRDA:284,12,1,0
BRDA:298,13,0,0
BRDA:314,14,0,0
BRDA:314,14,1,0
BRDA:315,15,0,0
BRDA:315,15,1,0
BRDA:316,16,0,0
BRDA:316,16,1,0
BRDA:320,17,0,0
BRDA:320,17,1,0
BRDA:321,18,0,0
BRDA:321,18,1,0
BRDA:325,19,0,0
BRDA:325,20,0,0
BRDA:325,20,1,0
BRDA:357,21,0,0
BRDA:357,21,1,0
BRDA:383,22,0,0
BRDA:395,23,0,0
BRDA:395,23,1,0
BRDA:395,24,0,0
BRDA:395,24,1,0
BRDA:398,25,0,0
BRDA:398,25,1,0
BRDA:401,26,0,0
BRDA:401,26,1,0
BRDA:417,27,0,0
BRDA:417,27,1,0
BRDA:430,28,0,0
BRDA:460,29,0,0
BRDA:462,30,0,0
BRDA:462,30,1,0
BRDA:466,31,0,0
BRDA:466,31,1,0
BRDA:467,32,0,0
BRDA:467,32,1,0
BRDA:473,33,0,0
BRDA:473,34,0,0
BRDA:473,34,1,0
BRDA:477,35,0,0
BRDA:477,35,1,0
BRDA:481,36,0,0
BRDA:481,37,0,0
BRDA:481,37,1,0
BRDA:490,38,0,0
BRDA:490,39,0,0
BRDA:490,39,1,0
BRDA:529,40,0,0
BRDA:529,40,1,0
BRDA:535,41,0,0
BRDA:535,41,1,0
BRDA:550,42,0,0
BRDA:550,42,1,0
BRDA:565,43,0,0
BRDA:565,43,1,0
BRDA:565,44,0,0
BRDA:565,44,1,0
BRDA:567,45,0,0
BRDA:567,45,1,0
BRDA:567,46,0,0
BRDA:567,46,1,0
BRDA:568,47,0,0
BRDA:568,47,1,0
BRDA:569,48,0,0
BRDA:569,48,1,0
BRDA:573,49,0,0
BRDA:573,49,1,0
BRDA:575,50,0,0
BRDA:575,50,1,0
BRDA:582,51,0,0
BRDA:582,51,1,0
BRDA:584,52,0,0
BRDA:584,52,1,0
BRDA:584,53,0,0
BRDA:584,53,1,0
BRDA:591,54,0,0
BRDA:595,55,0,0
BRDA:601,56,0,0
BRDA:601,56,1,0
BRDA:602,57,0,0
BRDA:602,57,1,0
BRDA:603,58,0,0
BRDA:603,58,1,0
BRF:101
BRH:0
end_of_record
TN:
SF:src/app/api/strategy/optimize-exits/route.ts
FN:71,POST
FN:177,(anonymous_1)
FN:292,GET
FN:363,getCurrentMarketData
FN:403,(anonymous_4)
FN:412,(anonymous_5)
FN:413,(anonymous_6)
FN:430,getSwingPoints
FN:490,detectMarketRegime
FN:507,(anonymous_9)
FN:525,generateOptimizedExitRules
FN:587,generatePartialExitConfig
FN:705,calculatePartialExits
FN:711,(anonymous_13)
FN:759,validateExitOptimization
FN:797,(anonymous_15)
FN:818,generateOptimizationSummary
FNF:17
FNH:0
FNDA:0,POST
FNDA:0,(anonymous_1)
FNDA:0,GET
FNDA:0,getCurrentMarketData
FNDA:0,(anonymous_4)
FNDA:0,(anonymous_5)
FNDA:0,(anonymous_6)
FNDA:0,getSwingPoints
FNDA:0,detectMarketRegime
FNDA:0,(anonymous_9)
FNDA:0,generateOptimizedExitRules
FNDA:0,generatePartialExitConfig
FNDA:0,calculatePartialExits
FNDA:0,(anonymous_13)
FNDA:0,validateExitOptimization
FNDA:0,(anonymous_15)
FNDA:0,generateOptimizationSummary
DA:7,0
DA:8,0
DA:9,0
DA:10,0
DA:11,0
DA:13,0
DA:14,0
DA:26,0
DA:71,0
DA:72,0
DA:74,0
DA:75,0
DA:76,0
DA:85,0
DA:86,0
DA:101,0
DA:104,0
DA:115,0
DA:116,0
DA:117,0
DA:120,0
DA:121,0
DA:123,0
DA:124,0
DA:126,0
DA:127,0
DA:138,0
DA:139,0
DA:140,0
DA:141,0
DA:142,0
DA:144,0
DA:145,0
DA:150,0
DA:151,0
DA:152,0
DA:153,0
DA:154,0
DA:156,0
DA:157,0
DA:162,0
DA:169,0
DA:172,0
DA:173,0
DA:177,0
DA:185,0
DA:186,0
DA:188,0
DA:189,0
DA:196,0
DA:197,0
DA:198,0
DA:205,0
DA:219,0
DA:220,0
DA:222,0
DA:223,0
DA:231,0
DA:232,0
DA:237,0
DA:239,0
DA:240,0
DA:247,0
DA:248,0
DA:249,0
DA:251,0
DA:252,0
DA:258,0
DA:264,0
DA:266,0
DA:267,0
DA:277,0
DA:292,0
DA:293,0
DA:295,0
DA:296,0
DA:297,0
DA:306,0
DA:309,0
DA:322,0
DA:323,0
DA:334,0
DA:337,0
DA:344,0
DA:347,0
DA:349,0
DA:369,0
DA:370,0
DA:371,0
DA:372,0
DA:374,0
DA:381,0
DA:382,0
DA:385,0
DA:388,0
DA:389,0
DA:390,0
DA:391,0
DA:392,0
DA:394,0
DA:399,0
DA:402,0
DA:403,0
DA:407,0
DA:408,0
DA:409,0
DA:412,0
DA:413,0
DA:414,0
DA:416,0
DA:423,0
DA:431,0
DA:432,0
DA:433,0
DA:434,0
DA:436,0
DA:443,0
DA:444,0
DA:448,0
DA:450,0
DA:451,0
DA:452,0
DA:453,0
DA:454,0
DA:455,0
DA:458,0
DA:460,0
DA:469,0
DA:471,0
DA:480,0
DA:482,0
DA:483,0
DA:491,0
DA:492,0
DA:493,0
DA:494,0
DA:496,0
DA:503,0
DA:504,0
DA:507,0
DA:508,0
DA:511,0
DA:512,0
DA:514,0
DA:517,0
DA:518,0
DA:532,0
DA:542,0
DA:543,0
DA:544,0
DA:545,0
DA:546,0
DA:547,0
DA:549,0
DA:550,0
DA:554,0
DA:555,0
DA:556,0
DA:557,0
DA:558,0
DA:559,0
DA:560,0
DA:565,0
DA:566,0
DA:567,0
DA:568,0
DA:572,0
DA:573,0
DA:574,0
DA:581,0
DA:593,0
DA:625,0
DA:626,0
DA:646,0
DA:647,0
DA:677,0
DA:699,0
DA:707,0
DA:711,0
DA:722,0
DA:764,0
DA:772,0
DA:773,0
DA:774,0
DA:775,0
DA:776,0
DA:777,0
DA:778,0
DA:783,0
DA:784,0
DA:785,0
DA:787,0
DA:788,0
DA:789,0
DA:790,0
DA:795,0
DA:796,0
DA:797,0
DA:799,0
DA:800,0
DA:801,0
DA:806,0
DA:807,0
DA:808,0
DA:812,0
DA:819,0
DA:833,0
DA:835,0
DA:836,0
DA:837,0
DA:838,0
DA:841,0
DA:842,0
DA:843,0
DA:846,0
DA:847,0
DA:848,0
DA:851,0
DA:852,0
DA:853,0
DA:856,0
DA:859,0
DA:860,0
DA:863,0
DA:864,0
DA:867,0
DA:868,0
DA:872,0
DA:878,0
LF:229
LH:0
BRDA:75,0,0,0
BRDA:120,1,0,0
BRDA:120,1,1,0
BRDA:121,2,0,0
BRDA:121,2,1,0
BRDA:132,3,0,0
BRDA:132,3,1,0
BRDA:139,4,0,0
BRDA:139,5,0,0
BRDA:139,5,1,0
BRDA:151,6,0,0
BRDA:151,7,0,0
BRDA:151,7,1,0
BRDA:177,8,0,0
BRDA:177,8,1,0
BRDA:191,9,0,0
BRDA:191,9,1,0
BRDA:196,10,0,0
BRDA:196,11,0,0
BRDA:196,11,1,0
BRDA:215,12,0,0
BRDA:215,12,1,0
BRDA:225,13,0,0
BRDA:225,13,1,0
BRDA:242,14,0,0
BRDA:242,14,1,0
BRDA:254,15,0,0
BRDA:254,15,1,0
BRDA:266,16,0,0
BRDA:282,17,0,0
BRDA:282,17,1,0
BRDA:296,18,0,0
BRDA:311,19,0,0
BRDA:311,19,1,0
BRDA:313,20,0,0
BRDA:313,20,1,0
BRDA:314,21,0,0
BRDA:314,21,1,0
BRDA:315,22,0,0
BRDA:315,22,1,0
BRDA:316,23,0,0
BRDA:316,23,1,0
BRDA:322,24,0,0
BRDA:322,25,0,0
BRDA:322,25,1,0
BRDA:322,25,2,0
BRDA:354,26,0,0
BRDA:354,26,1,0
BRDA:381,27,0,0
BRDA:402,28,0,0
BRDA:402,28,1,0
BRDA:423,29,0,0
BRDA:423,29,1,0
BRDA:443,30,0,0
BRDA:458,31,0,0
BRDA:458,32,0,0
BRDA:458,32,1,0
BRDA:458,32,2,0
BRDA:458,32,3,0
BRDA:469,33,0,0
BRDA:469,34,0,0
BRDA:469,34,1,0
BRDA:469,34,2,0
BRDA:469,34,3,0
BRDA:503,35,0,0
BRDA:511,36,0,0
BRDA:511,36,1,0
BRDA:512,37,0,0
BRDA:512,37,1,0
BRDA:542,38,0,0
BRDA:542,38,1,0
BRDA:545,39,0,0
BRDA:545,39,1,0
BRDA:554,40,0,0
BRDA:555,41,0,0
BRDA:555,41,1,0
BRDA:558,42,0,0
BRDA:565,43,0,0
BRDA:565,44,0,0
BRDA:565,44,1,0
BRDA:568,45,0,0
BRDA:568,45,1,0
BRDA:572,46,0,0
BRDA:625,47,0,0
BRDA:625,47,1,0
BRDA:646,48,0,0
BRDA:646,48,1,0
BRDA:707,49,0,0
BRDA:707,49,1,0
BRDA:716,50,0,0
BRDA:716,50,1,0
BRDA:716,51,0,0
BRDA:716,51,1,0
BRDA:719,52,0,0
BRDA:719,52,1,0
BRDA:719,53,0,0
BRDA:719,53,1,0
BRDA:731,54,0,0
BRDA:731,54,1,0
BRDA:732,55,0,0
BRDA:732,55,1,0
BRDA:732,56,0,0
BRDA:732,56,1,0
BRDA:733,57,0,0
BRDA:733,57,1,0
BRDA:740,58,0,0
BRDA:740,58,1,0
BRDA:749,59,0,0
BRDA:749,59,1,0
BRDA:772,60,0,0
BRDA:774,61,0,0
BRDA:774,61,1,0
BRDA:777,62,0,0
BRDA:783,63,0,0
BRDA:787,64,0,0
BRDA:787,64,1,0
BRDA:787,65,0,0
BRDA:787,65,1,0
BRDA:789,66,0,0
BRDA:789,67,0,0
BRDA:789,67,1,0
BRDA:795,68,0,0
BRDA:799,69,0,0
BRDA:806,70,0,0
BRDA:807,71,0,0
BRDA:807,72,0,0
BRDA:807,72,1,0
BRDA:835,73,0,0
BRDA:841,74,0,0
BRDA:846,75,0,0
BRDA:851,76,0,0
BRDA:859,77,0,0
BRDA:863,78,0,0
BRDA:863,79,0,0
BRDA:863,79,1,0
BRDA:867,80,0,0
BRF:136
BRH:0
end_of_record
TN:
SF:src/app/api/strategy/score/route.ts
FN:33,POST
FN:126,GET
FN:217,validateBacktestResults
FN:246,extractMetricsFromBacktest
FN:282,PUT
FNF:5
FNH:0
FNDA:0,POST
FNDA:0,GET
FNDA:0,validateBacktestResults
FNDA:0,extractMetricsFromBacktest
FNDA:0,PUT
DA:1,0
DA:2,0
DA:33,0
DA:34,0
DA:36,0
DA:39,0
DA:40,0
DA:51,0
DA:59,0
DA:60,0
DA:74,0
DA:75,0
DA:78,0
DA:81,0
DA:95,0
DA:97,0
DA:126,0
DA:127,0
DA:129,0
DA:142,0
DA:175,0
DA:201,0
DA:203,0
DA:218,0
DA:219,0
DA:223,0
DA:224,0
DA:225,0
DA:226,0
DA:231,0
DA:232,0
DA:236,0
DA:237,0
DA:240,0
DA:247,0
DA:259,0
DA:261,0
DA:282,0
DA:283,0
DA:284,0
DA:287,0
DA:288,0
DA:289,0
DA:300,0
DA:301,0
DA:312,0
DA:313,0
DA:314,0
DA:325,0
DA:326,0
DA:328,0
DA:329,0
DA:330,0
DA:339,0
DA:343,0
DA:344,0
DA:356,0
DA:365,0
DA:367,0
LF:59
LH:0
BRDA:39,0,0,0
BRDA:59,1,0,0
BRDA:102,2,0,0
BRDA:102,2,1,0
BRDA:104,3,0,0
BRDA:104,3,1,0
BRDA:208,4,0,0
BRDA:208,4,1,0
BRDA:218,5,0,0
BRDA:218,6,0,0
BRDA:218,6,1,0
BRDA:225,7,0,0
BRDA:225,8,0,0
BRDA:225,8,1,0
BRDA:231,9,0,0
BRDA:231,10,0,0
BRDA:231,10,1,0
BRDA:236,11,0,0
BRDA:236,12,0,0
BRDA:236,12,1,0
BRDA:248,13,0,0
BRDA:248,13,1,0
BRDA:249,14,0,0
BRDA:249,14,1,0
BRDA:250,15,0,0
BRDA:250,15,1,0
BRDA:251,16,0,0
BRDA:251,16,1,0
BRDA:252,17,0,0
BRDA:252,17,1,0
BRDA:253,18,0,0
BRDA:253,18,1,0
BRDA:254,19,0,0
BRDA:254,19,1,0
BRDA:255,20,0,0
BRDA:255,20,1,0
BRDA:259,21,0,0
BRDA:259,21,1,0
BRDA:264,22,0,0
BRDA:264,22,1,0
BRDA:265,23,0,0
BRDA:265,23,1,0
BRDA:266,24,0,0
BRDA:266,24,1,0
BRDA:267,25,0,0
BRDA:267,25,1,0
BRDA:288,26,0,0
BRDA:288,27,0,0
BRDA:288,27,1,0
BRDA:300,28,0,0
BRDA:300,29,0,0
BRDA:300,29,1,0
BRDA:313,30,0,0
BRDA:313,31,0,0
BRDA:313,31,1,0
BRDA:329,32,0,0
BRDA:329,33,0,0
BRDA:329,33,1,0
BRDA:329,33,2,0
BRDA:343,34,0,0
BRDA:372,35,0,0
BRDA:372,35,1,0
BRF:62
BRH:0
end_of_record
TN:
SF:src/app/api/supervisor/optimizations/route.ts
FN:11,GET
FN:47,(anonymous_1)
FNF:2
FNH:0
FNDA:0,GET
FNDA:0,(anonymous_1)
DA:4,0
DA:5,0
DA:6,0
DA:7,0
DA:9,0
DA:11,0
DA:12,0
DA:13,0
DA:15,0
DA:16,0
DA:22,0
DA:23,0
DA:24,0
DA:27,0
DA:45,0
DA:47,0
DA:66,0
DA:68,0
LF:18
LH:0
BRDA:15,0,0,0
BRDA:23,1,0,0
BRDA:23,1,1,0
BRDA:30,2,0,0
BRDA:30,2,1,0
BRDA:69,3,0,0
BRDA:69,3,1,0
BRF:7
BRH:0
end_of_record
TN:
SF:src/app/api/supervisor/optimize/route.ts
FN:10,POST
FN:90,GET
FN:135,(anonymous_2)
FNF:3
FNH:0
FNDA:0,POST
FNDA:0,GET
FNDA:0,(anonymous_2)
DA:4,0
DA:5,0
DA:6,0
DA:7,0
DA:8,0
DA:10,0
DA:11,0
DA:12,0
DA:14,0
DA:15,0
DA:21,0
DA:22,0
DA:25,0
DA:26,0
DA:33,0
DA:40,0
DA:41,0
DA:48,0
DA:55,0
DA:56,0
DA:62,0
DA:65,0
DA:72,0
DA:75,0
DA:77,0
DA:90,0
DA:91,0
DA:92,0
DA:94,0
DA:95,0
DA:101,0
DA:102,0
DA:104,0
DA:105,0
DA:112,0
DA:119,0
DA:120,0
DA:127,0
DA:133,0
DA:135,0
DA:151,0
DA:153,0
LF:42
LH:0
BRDA:14,0,0,0
BRDA:22,1,0,0
BRDA:25,2,0,0
BRDA:25,3,0,0
BRDA:25,3,1,0
BRDA:25,3,2,0
BRDA:25,3,3,0
BRDA:40,4,0,0
BRDA:55,5,0,0
BRDA:81,6,0,0
BRDA:81,6,1,0
BRDA:94,7,0,0
BRDA:104,8,0,0
BRDA:119,9,0,0
BRDA:154,10,0,0
BRDA:154,10,1,0
BRF:16
BRH:0
end_of_record
TN:
SF:src/app/api/supervisor/optimize/[id]/apply/route.ts
FN:10,POST
FNF:1
FNH:0
FNDA:0,POST
DA:4,0
DA:5,0
DA:6,0
DA:7,0
DA:8,0
DA:10,0
DA:14,0
DA:15,0
DA:17,0
DA:18,0
DA:24,0
DA:27,0
DA:34,0
DA:35,0
DA:42,0
DA:43,0
DA:50,0
DA:52,0
DA:58,0
DA:60,0
LF:20
LH:0
BRDA:17,0,0,0
BRDA:34,1,0,0
BRDA:42,2,0,0
BRDA:42,3,0,0
BRDA:42,3,1,0
BRDA:61,4,0,0
BRDA:61,4,1,0
BRF:7
BRH:0
end_of_record
TN:
SF:src/app/api/supervisor/optimize/[id]/reject/route.ts
FN:10,POST
FNF:1
FNH:0
FNDA:0,POST
DA:4,0
DA:5,0
DA:6,0
DA:7,0
DA:8,0
DA:10,0
DA:14,0
DA:15,0
DA:17,0
DA:18,0
DA:24,0
DA:27,0
DA:34,0
DA:35,0
DA:42,0
DA:43,0
DA:49,0
DA:50,0
DA:57,0
DA:59,0
DA:65,0
DA:67,0
LF:22
LH:0
BRDA:17,0,0,0
BRDA:34,1,0,0
BRDA:42,2,0,0
BRDA:49,3,0,0
BRDA:49,4,0,0
BRDA:49,4,1,0
BRDA:68,5,0,0
BRDA:68,5,1,0
BRF:8
BRH:0
end_of_record
TN:
SF:src/app/api/supervisor/usage-stats/route.ts
FN:12,GET
FN:55,(anonymous_1)
FN:58,(anonymous_2)
FN:59,(anonymous_3)
FN:60,(anonymous_4)
FN:83,(anonymous_5)
FN:96,(anonymous_6)
FN:97,(anonymous_7)
FN:98,(anonymous_8)
FN:99,(anonymous_9)
FN:100,(anonymous_10)
FN:101,(anonymous_11)
FN:102,(anonymous_12)
FN:104,(anonymous_13)
FN:112,(anonymous_14)
FN:128,(anonymous_15)
FN:153,(anonymous_16)
FN:158,(anonymous_17)
FN:161,(anonymous_18)
FN:166,(anonymous_19)
FNF:20
FNH:0
FNDA:0,GET
FNDA:0,(anonymous_1)
FNDA:0,(anonymous_2)
[...]
DA:148,0
DA:152,0
DA:157,0
DA:158,0
DA:160,0
DA:168,0
DA:178,0
DA:179,0
DA:180,0
DA:183,0
DA:186,0
DA:189,0
DA:191,0
DA:192,0
DA:193,0
DA:194,0
DA:195,0
DA:196,0
DA:197,0
DA:198,0
DA:199,0
DA:204,0
DA:205,0
DA:207,0
DA:209,0
DA:210,0
DA:211,0
DA:213,0
DA:214,0
DA:216,0
DA:218,0
DA:219,0
DA:221,0
DA:224,0
DA:227,0
DA:237,0
DA:246,0
DA:247,0
DA:250,0
DA:251,0
DA:254,0
DA:255,0
DA:257,0
DA:265,0
DA:267,0
DA:270,0
DA:273,0
DA:276,0
DA:279,0
DA:280,0
DA:285,0
DA:286,0
DA:289,0
DA:290,0
DA:291,0
DA:294,0
DA:295,0
DA:299,0
DA:300,0
DA:302,0
DA:311,0
DA:312,0
DA:314,0
DA:315,0
DA:318,0
DA:319,0
DA:320,0
DA:321,0
DA:322,0
DA:324,0
DA:326,0
DA:330,0
DA:339,0
DA:340,0
DA:342,0
DA:343,0
DA:344,0
DA:348,0
DA:350,0
DA:351,0
DA:356,0
DA:359,0
DA:362,0
DA:365,0
DA:366,0
LF:127
LH:0
BRDA:45,0,0,0
BRDA:53,1,0,0
BRDA:69,2,0,0
BRDA:69,2,1,0
BRDA:79,3,0,0
BRDA:81,4,0,0
BRDA:81,4,1,0
BRDA:83,5,0,0
BRDA:94,6,0,0
BRDA:96,7,0,0
BRDA:96,7,1,0
BRDA:98,8,0,0
BRDA:110,9,0,0
BRDA:138,10,0,0
BRDA:138,10,1,0
BRDA:155,11,0,0
BRDA:161,12,0,0
BRDA:161,12,1,0
BRDA:161,12,2,0
BRDA:183,13,0,0
BRDA:183,13,1,0
BRDA:186,14,0,0
BRDA:186,14,1,0
BRDA:186,14,2,0
BRDA:191,15,0,0
BRDA:192,16,0,0
BRDA:192,16,1,0
BRDA:192,17,0,0
BRDA:192,17,1,0
BRDA:194,18,0,0
BRDA:194,18,1,0
BRDA:194,19,0,0
BRDA:194,19,1,0
BRDA:196,20,0,0
BRDA:196,20,1,0
BRDA:196,21,0,0
BRDA:196,21,1,0
BRDA:198,22,0,0
BRDA:198,23,0,0
BRDA:198,23,1,0
BRDA:207,24,0,0
BRDA:207,24,1,0
BRDA:209,25,0,0
BRDA:209,25,1,0
BRDA:216,26,0,0
BRDA:216,26,1,0
BRDA:240,27,0,0
BRDA:255,28,0,0
BRDA:255,28,1,0
BRDA:290,29,0,0
BRDA:300,30,0,0
BRDA:303,31,0,0
BRDA:303,31,1,0
BRDA:311,32,0,0
BRDA:311,32,1,0
BRDA:343,33,0,0
BRDA:343,34,0,0
BRDA:343,34,1,0
BRF:58
BRH:0
end_of_record
TN:
SF:src/lib/websocket/heartbeat-manager.ts
FN:26,(anonymous_0)
FN:40,(anonymous_1)
FN:54,(anonymous_2)
FN:62,(anonymous_3)
FN:83,(anonymous_4)
FN:112,(anonymous_5)
FN:119,(anonymous_6)
FN:133,(anonymous_7)
FN:140,(anonymous_8)
FN:153,(anonymous_9)
FN:167,(anonymous_10)
FN:178,(anonymous_11)
FN:199,(anonymous_12)
FN:211,(anonymous_13)
FN:216,(anonymous_14)
FN:223,(anonymous_15)
FN:236,(anonymous_16)
FN:249,(anonymous_17)
FN:256,(anonymous_18)
FN:263,(anonymous_19)
FNF:20
FNH:0
FNDA:0,(anonymous_0)
FNDA:0,(anonymous_1)
FNDA:0,(anonymous_2)
FNDA:0,(anonymous_3)
FNDA:0,(anonymous_4)
FNDA:0,(anonymous_5)
FNDA:0,(anonymous_6)
FNDA:0,(anonymous_7)
FNDA:0,(anonymous_8)
FNDA:0,(anonymous_9)
FNDA:0,(anonymous_10)
FNDA:0,(anonymous_11)
FNDA:0,(anonymous_12)
FNDA:0,(anonymous_13)
FNDA:0,(anonymous_14)
FNDA:0,(anonymous_15)
FNDA:0,(anonymous_16)
FNDA:0,(anonymous_17)
FNDA:0,(anonymous_18)
FNDA:0,(anonymous_19)
DA:6,0
DA:15,0
DA:16,0
DA:17,0
DA:18,0
DA:19,0
DA:20,0
DA:21,0
DA:22,0
DA:23,0
DA:24,0
DA:27,0
DA:34,0
DA:41,0
DA:42,0
DA:45,0
DA:46,0
DA:47,0
DA:48,0
DA:51,0
DA:54,0
DA:55,0
DA:63,0
DA:64,0
DA:67,0
DA:69,0
DA:70,0
DA:71,0
DA:74,0
DA:75,0
DA:76,0
DA:84,0
DA:85,0
DA:89,0
DA:90,0
DA:91,0
DA:94,0
DA:97,0
DA:100,0
DA:101,0
DA:102,0
DA:106,0
DA:113,0
DA:120,0
DA:134,0
DA:141,0
DA:144,0
DA:145,0
DA:146,0
DA:154,0
DA:155,0
DA:159,0
DA:160,0
DA:164,0
DA:167,0
DA:168,0
DA:172,0
DA:179,0
DA:180,0
DA:183,0
DA:184,0
DA:187,0
DA:190,0
DA:191,0
DA:192,0
DA:200,0
DA:203,0
DA:204,0
DA:212,0
DA:213,0
DA:216,0
DA:217,0
DA:224,0
DA:237,0
DA:250,0
DA:257,0
DA:264,0
DA:265,0
DA:267,0
LF:79
LH:0
BRDA:29,0,0,0
BRDA:29,0,1,0
BRDA:30,1,0,0
BRDA:30,1,1,0
BRDA:31,2,0,0
BRDA:31,2,1,0
BRDA:41,3,0,0
BRDA:63,4,0,0
BRDA:69,5,0,0
BRDA:74,6,0,0
BRDA:84,7,0,0
BRDA:84,8,0,0
BRDA:84,8,1,0
BRDA:100,9,0,0
BRDA:144,10,0,0
BRDA:154,11,0,0
BRDA:159,12,0,0
BRDA:179,13,0,0
BRDA:190,14,0,0
BRDA:203,15,0,0
BRDA:212,16,0,0
BRDA:250,17,0,0
BRDA:250,17,1,0
BRDA:257,18,0,0
BRDA:257,18,1,0
BRDA:264,19,0,0
BRDA:264,20,0,0
BRDA:264,20,1,0
BRDA:264,20,2,0
BRF:29
BRH:0
end_of_record
TN:
SF:src/lib/websocket/integration-example.ts
FN:323,(anonymous_0)
FN:17,(anonymous_1)
FN:34,(anonymous_2)
FN:39,(anonymous_3)
FN:43,(anonymous_4)
FN:55,(anonymous_5)
FN:68,(anonymous_6)
FN:81,(anonymous_7)
FN:109,(anonymous_8)
FN:127,(anonymous_9)
FN:146,(anonymous_10)
FN:165,(anonymous_11)
FN:184,(anonymous_12)
FN:191,(anonymous_13)
FN:198,(anonymous_14)
FN:200,(anonymous_15)
FN:223,(anonymous_16)
FN:228,(anonymous_17)
FN:233,(anonymous_18)
FN:241,(anonymous_19)
FN:249,(anonymous_20)
FN:257,(anonymous_21)
FN:265,(anonymous_22)
FN:273,exampleUsage
FN:312,(anonymous_24)
FNF:25
FNH:0
FNDA:0,(anonymous_0)
FNDA:0,(anonymous_1)
FNDA:0,(anonymous_2)
FNDA:0,(anonymous_3)
FNDA:0,(anonymous_4)
FNDA:0,(anonymous_5)
FNDA:0,(anonymous_6)
FNDA:0,(anonymous_7)
FNDA:0,(anonymous_8)
FNDA:0,(anonymous_9)
FNDA:0,(anonymous_10)
FNDA:0,(anonymous_11)
FNDA:0,(anonymous_12)
FNDA:0,(anonymous_13)
FNDA:0,(anonymous_14)
FNDA:0,(anonymous_15)
FNDA:0,(anonymous_16)
FNDA:0,(anonymous_17)
FNDA:0,(anonymous_18)
FNDA:0,(anonymous_19)
FNDA:0,(anonymous_20)
FNDA:0,(anonymous_21)
FNDA:0,(anonymous_22)
FNDA:0,exampleUsage
FNDA:0,(anonymous_24)
DA:6,0
DA:7,0
DA:8,0
DA:13,0
DA:14,0
DA:15,0
DA:19,0
DA:35,0
DA:36,0
DA:40,0
DA:44,0
DA:49,0
DA:56,0
DA:57,0
DA:58,0
DA:60,0
DA:61,0
DA:69,0
DA:70,0
DA:71,0
DA:73,0
DA:74,0
DA:82,0
DA:83,0
DA:86,0
DA:87,0
DA:93,0
DA:94,0
DA:95,0
DA:97,0
DA:98,0
DA:101,0
DA:102,0
DA:110,0
DA:111,0
DA:114,0
DA:115,0
DA:120,0
DA:128,0
DA:129,0
DA:132,0
DA:133,0
DA:139,0
DA:147,0
DA:148,0
DA:151,0
DA:152,0
DA:158,0
DA:166,0
DA:167,0
DA:170,0
DA:171,0
DA:177,0
DA:185,0
DA:192,0
DA:200,0
DA:201,0
DA:202,0
DA:204,0
DA:206,0
DA:207,0
DA:209,0
DA:210,0
DA:213,0
DA:215,0
DA:218,0
DA:223,0
DA:224,0
DA:228,0
DA:229,0
DA:233,0
DA:234,0
DA:243,0
DA:250,0
DA:258,0
DA:266,0
DA:273,0
DA:275,0
DA:277,0
DA:279,0
DA:282,0
DA:290,0
DA:291,0
DA:292,0
DA:294,0
DA:298,0
DA:301,0
DA:308,0
DA:309,0
DA:312,0
DA:315,0
DA:318,0
DA:323,0
LF:93
LH:0
BRDA:82,0,0,0
BRDA:93,1,0,0
BRDA:93,1,1,0
BRDA:110,2,0,0
BRDA:128,3,0,0
BRDA:147,4,0,0
BRDA:166,5,0,0
BRDA:204,6,0,0
BRDA:204,6,1,0
BRDA:204,6,2,0
BRDA:204,6,3,0
BRDA:291,7,0,0
BRDA:291,7,1,0
BRF:13
BRH:0
end_of_record
TN:
SF:src/lib/websocket/message-queue.ts
FN:21,(anonymous_0)
FN:39,(anonymous_1)
FN:82,(anonymous_2)
FN:92,(anonymous_3)
FN:103,(anonymous_4)
FN:110,(anonymous_5)
FN:112,(anonymous_6)
FN:121,(anonymous_7)
FN:122,(anonymous_8)
FN:147,(anonymous_9)
FN:148,(anonymous_10)
FN:165,(anonymous_11)
FN:176,(anonymous_12)
FN:178,(anonymous_13)
FN:188,(anonymous_14)
FN:205,(anonymous_15)
FN:209,(anonymous_16)
FN:223,(anonymous_17)
FN:240,(anonymous_18)
FN:258,(anonymous_19)
FN:259,(anonymous_20)
FN:267,(anonymous_21)
FN:280,(anonymous_22)
FN:293,(anonymous_23)
FN:309,(anonymous_24)
FN:321,(anonymous_25)
FN:330,(anonymous_26)
FN:338,(anonymous_27)
FN:350,(anonymous_28)
FN:353,(anonymous_29)
FN:357,(anonymous_30)
FN:361,(anonymous_31)
FNF:32
FNH:0
FNDA:0,(anonymous_0)
FNDA:0,(anonymous_1)
FNDA:0,(anonymous_2)
FNDA:0,(anonymous_3)
FNDA:0,(anonymous_4)
FNDA:0,(anonymous_5)
FNDA:0,(anonymous_6)
FNDA:0,(anonymous_7)
FNDA:0,(anonymous_8)
FNDA:0,(anonymous_9)
FNDA:0,(anonymous_10)
FNDA:0,(anonymous_11)
FNDA:0,(anonymous_12)
FNDA:0,(anonymous_13)
FNDA:0,(anonymous_14)
FNDA:0,(anonymous_15)
FNDA:0,(anonymous_16)
FNDA:0,(anonymous_17)
FNDA:0,(anonymous_18)
FNDA:0,(anonymous_19)
FNDA:0,(anonymous_20)
FNDA:0,(anonymous_21)
FNDA:0,(anonymous_22)
FNDA:0,(anonymous_23)
FNDA:0,(anonymous_24)
FNDA:0,(anonymous_25)
FNDA:0,(anonymous_26)
FNDA:0,(anonymous_27)
FNDA:0,(anonymous_28)
FNDA:0,(anonymous_29)
FNDA:0,(anonymous_30)
FNDA:0,(anonymous_31)
DA:6,0
DA:14,0
DA:15,0
DA:16,0
DA:17,0
DA:18,0
DA:19,0
DA:22,0
DA:31,0
DA:32,0
DA:33,0
DA:40,0
DA:43,0
DA:44,0
DA:47,0
DA:57,0
DA:59,0
DA:60,0
DA:62,0
DA:64,0
DA:69,0
DA:72,0
DA:73,0
DA:76,0
DA:83,0
DA:84,0
DA:87,0
DA:90,0
DA:92,0
DA:93,0
DA:97,0
DA:104,0
DA:111,0
DA:112,0
DA:113,0
DA:122,0
DA:123,0
DA:124,0
DA:127,0
DA:128,0
DA:131,0
DA:133,0
DA:134,0
DA:137,0
DA:138,0
DA:141,0
DA:148,0
DA:149,0
DA:150,0
DA:153,0
DA:155,0
DA:156,0
DA:159,0
DA:166,0
DA:168,0
DA:169,0
DA:177,0
DA:178,0
DA:179,0
DA:181,0
DA:188,0
DA:189,0
DA:192,0
DA:206,0
DA:207,0
DA:209,0
DA:211,0
DA:213,0
DA:214,0
DA:217,0
DA:225,0
DA:227,0
DA:228,0
DA:229,0
DA:230,0
DA:234,0
DA:241,0
DA:242,0
DA:244,0
DA:245,0
DA:246,0
DA:247,0
DA:248,0
DA:252,0
DA:259,0
DA:260,0
DA:268,0
DA:269,0
DA:272,0
DA:273,0
DA:274,0
DA:275,0
DA:278,0
DA:279,0
DA:280,0
DA:282,0
DA:286,0
DA:294,0
DA:295,0
DA:298,0
DA:299,0
DA:300,0
DA:302,0
DA:310,0
DA:311,0
DA:312,0
DA:320,0
DA:322,0
DA:323,0
DA:325,0
DA:326,0
DA:331,0
DA:332,0
DA:334,0
DA:339,0
DA:340,0
DA:342,0
DA:350,0
DA:351,0
DA:354,0
DA:358,0
DA:362,0
LF:122
LH:0
BRDA:24,0,0,0
BRDA:24,0,1,0
BRDA:26,1,0,0
BRDA:26,1,1,0
BRDA:27,2,0,0
BRDA:27,2,1,0
BRDA:28,3,0,0
BRDA:28,3,1,0
BRDA:43,4,0,0
BRDA:43,5,0,0
BRDA:43,5,1,0
BRDA:50,6,0,0
BRDA:50,6,1,0
BRDA:51,7,0,0
BRDA:51,7,1,0
BRDA:52,8,0,0
BRDA:52,8,1,0
BRDA:53,9,0,0
BRDA:53,9,1,0
BRDA:57,10,0,0
BRDA:60,11,0,0
BRDA:60,11,1,0
BRDA:60,12,0,0
BRDA:60,12,1,0
BRDA:72,13,0,0
BRDA:83,14,0,0
BRDA:90,15,0,0
BRDA:113,16,0,0
BRDA:113,16,1,0
BRDA:113,16,2,0
BRDA:123,17,0,0
BRDA:131,18,0,0
BRDA:131,19,0,0
BRDA:131,19,1,0
BRDA:137,20,0,0
BRDA:149,21,0,0
BRDA:155,22,0,0
BRDA:168,23,0,0
BRDA:213,24,0,0
BRDA:213,25,0,0
BRDA:213,25,1,0
BRDA:228,26,0,0
BRDA:246,27,0,0
BRDA:246,28,0,0
BRDA:246,28,1,0
BRDA:268,29,0,0
BRDA:274,30,0,0
BRDA:279,31,0,0
BRDA:294,32,0,0
BRDA:310,33,0,0
BRDA:354,34,0,0
BRDA:354,34,1,0
BRF:52
BRH:0
end_of_record
TN:
SF:src/lib/websocket/reliable-client.ts
FN:52,(anonymous_0)
FN:95,(anonymous_1)
FN:96,(anonymous_2)
FN:117,(anonymous_3)
FN:118,(anonymous_4)
FN:150,(anonymous_5)
FN:175,(anonymous_6)
FN:217,(anonymous_7)
FN:224,(anonymous_8)
FN:238,(anonymous_9)
FN:248,(anonymous_10)
FN:261,(anonymous_11)
FN:264,(anonymous_12)
FN:269,(anonymous_13)
FN:273,(anonymous_14)
FN:280,(anonymous_15)
FN:288,(anonymous_16)
FN:306,(anonymous_17)
FN:329,(anonymous_18)
FN:365,(anonymous_19)
FN:384,(anonymous_20)
FN:401,(anonymous_21)
FN:402,(anonymous_22)
FN:416,(anonymous_23)
FN:427,(anonymous_24)
FN:448,(anonymous_25)
FN:478,(anonymous_26)
FN:490,(anonymous_27)
FN:508,(anonymous_28)
FN:522,(anonymous_29)
FN:531,(anonymous_30)
FN:533,(anonymous_31)
FN:542,(anonymous_32)
FN:547,(anonymous_33)
FN:550,(anonymous_34)
FN:570,(anonymous_35)
FN:590,(anonymous_36)
FN:603,(anonymous_37)
FN:614,(anonymous_38)
FN:627,(anonymous_39)
FN:630,(anonymous_40)
FN:643,(anonymous_41)
FN:650,(anonymous_42)
FNF:43
FNH:0
FNDA:0,(anonymous_0)
FNDA:0,(anonymous_1)
FNDA:0,(anonymous_2)
FNDA:0,(anonymous_3)
FNDA:0,(anonymous_4)
FNDA:0,(anonymous_5)
FNDA:0,(anonymous_6)
FNDA:0,(anonymous_7)
FNDA:0,(anonymous_8)
FNDA:0,(anonymous_9)
FNDA:0,(anonymous_10)
FNDA:0,(anonymous_11)
FNDA:0,(anonymous_12)
FNDA:0,(anonymous_13)
FNDA:0,(anonymous_14)
FNDA:0,(anonymous_15)
FNDA:0,(anonymous_16)
FNDA:0,(anonymous_17)
FNDA:0,(anonymous_18)
FNDA:0,(anonymous_19)
FNDA:0,(anonymous_20)
FNDA:0,(anonymous_21)
FNDA:0,(anonymous_22)
FNDA:0,(anonymous_23)
FNDA:0,(anonymous_24)
FNDA:0,(anonymous_25)
FNDA:0,(anonymous_26)
FNDA:0,(anonymous_27)
FNDA:0,(anonymous_28)
FNDA:0,(anonymous_29)
FNDA:0,(anonymous_30)
FNDA:0,(anonymous_31)
FNDA:0,(anonymous_32)
FNDA:0,(anonymous_33)
FNDA:0,(anonymous_34)
FNDA:0,(anonymous_35)
FNDA:0,(anonymous_36)
FNDA:0,(anonymous_37)
FNDA:0,(anonymous_38)
FNDA:0,(anonymous_39)
FNDA:0,(anonymous_40)
FNDA:0,(anonymous_41)
FNDA:0,(anonymous_42)
DA:6,0
DA:19,0
DA:20,0
DA:22,0
DA:23,0
DA:24,0
DA:25,0
DA:26,0
DA:27,0
DA:28,0
DA:29,0
DA:30,0
DA:31,0
DA:37,0
DA:38,0
DA:53,0
DA:68,0
DA:71,0
DA:78,0
DA:81,0
DA:82,0
DA:84,0
DA:85,0
DA:87,0
DA:88,0
DA:96,0
DA:97,0
DA:98,0
DA:99,0
DA:102,0
DA:104,0
DA:105,0
DA:106,0
DA:108,0
DA:109,0
DA:118,0
DA:119,0
DA:120,0
DA:121,0
DA:124,0
DA:127,0
DA:128,0
DA:129,0
DA:133,0
DA:134,0
DA:138,0
DA:139,0
DA:141,0
DA:142,0
DA:151,0
DA:159,0
DA:160,0
DA:163,0
DA:164,0
DA:165,0
DA:166,0
DA:168,0
DA:176,0
DA:177,0
DA:185,0
DA:186,0
DA:189,0
DA:190,0
DA:191,0
DA:201,0
DA:202,0
DA:204,0
DA:218,0
DA:225,0
DA:226,0
DA:228,0
DA:239,0
DA:240,0
DA:242,0
DA:249,0
DA:250,0
DA:251,0
DA:252,0
DA:253,0
DA:262,0
DA:264,0
DA:265,0
DA:266,0
DA:269,0
DA:270,0
DA:273,0
DA:274,0
DA:275,0
DA:276,0
DA:277,0
DA:280,0
DA:281,0
DA:289,0
DA:290,0
DA:291,0
DA:292,0
DA:295,0
DA:298,0
DA:300,0
DA:307,0
DA:308,0
DA:311,0
DA:312,0
DA:316,0
DA:319,0
DA:320,0
DA:323,0
DA:330,0
DA:331,0
DA:332,0
DA:335,0
DA:336,0
DA:337,0
DA:340,0
DA:341,0
DA:342,0
DA:345,0
DA:346,0
DA:347,0
DA:351,0
DA:354,0
DA:355,0
DA:358,0
DA:366,0
DA:367,0
DA:370,0
DA:371,0
DA:372,0
DA:373,0
DA:374,0
DA:376,0
DA:377,0
DA:385,0
DA:388,0
DA:389,0
DA:390,0
DA:401,0
DA:402,0
DA:403,0
DA:404,0
DA:415,0
DA:417,0
DA:418,0
DA:428,0
DA:429,0
DA:449,0
DA:450,0
DA:454,0
DA:455,0
DA:456,0
DA:457,0
DA:459,0
DA:460,0
DA:462,0
DA:466,0
DA:467,0
DA:468,0
DA:469,0
DA:470,0
DA:479,0
DA:480,0
DA:481,0
DA:482,0
DA:483,0
DA:491,0
DA:497,0
DA:510,0
DA:511,0
DA:523,0
DA:524,0
DA:532,0
DA:534,0
DA:535,0
DA:543,0
DA:544,0
DA:545,0
DA:548,0
DA:551,0
DA:552,0
DA:553,0
DA:558,0
DA:564,0
DA:571,0
DA:572,0
DA:573,0
DA:574,0
DA:575,0
DA:578,0
DA:579,0
DA:582,0
DA:587,0
DA:588,0
DA:590,0
DA:591,0
DA:592,0
DA:594,0
DA:595,0
DA:604,0
DA:605,0
DA:606,0
DA:608,0
DA:615,0
DA:616,0
DA:617,0
DA:618,0
DA:619,0
DA:620,0
DA:628,0
DA:629,0
DA:630,0
DA:631,0
DA:632,0
DA:634,0
DA:644,0
DA:651,0
DA:652,0
DA:653,0
DA:654,0
LF:218
LH:0
BRDA:52,0,0,0
BRDA:57,1,0,0
BRDA:57,1,1,0
BRDA:58,2,0,0
BRDA:58,2,1,0
BRDA:59,3,0,0
BRDA:59,3,1,0
BRDA:60,4,0,0
BRDA:60,4,1,0
BRDA:61,5,0,0
BRDA:61,5,1,0
BRDA:63,6,0,0
BRDA:63,6,1,0
BRDA:65,7,0,0
BRDA:65,7,1,0
BRDA:68,8,0,0
BRDA:68,8,1,0
BRDA:81,9,0,0
BRDA:84,10,0,0
BRDA:87,11,0,0
BRDA:97,12,0,0
BRDA:97,13,0,0
BRDA:97,13,1,0
BRDA:119,14,0,0
BRDA:127,15,0,0
BRDA:133,16,0,0
BRDA:138,17,0,0
BRDA:138,17,1,0
BRDA:150,18,0,0
BRDA:159,19,0,0
BRDA:159,19,1,0
BRDA:159,20,0,0
BRDA:159,20,1,0
BRDA:164,21,0,0
BRDA:176,22,0,0
BRDA:176,22,1,0
BRDA:185,23,0,0
BRDA:185,23,1,0
BRDA:185,24,0,0
BRDA:185,24,1,0
BRDA:190,25,0,0
BRDA:239,26,0,0
BRDA:250,27,0,0
BRDA:252,28,0,0
BRDA:262,29,0,0
BRDA:306,30,0,0
BRDA:306,31,0,0
BRDA:311,32,0,0
BRDA:319,33,0,0
BRDA:319,34,0,0
BRDA:319,34,1,0
BRDA:335,35,0,0
BRDA:340,36,0,0
BRDA:345,37,0,0
BRDA:354,38,0,0
BRDA:366,39,0,0
BRDA:366,40,0,0
BRDA:366,40,1,0
BRDA:389,41,0,0
BRDA:449,42,0,0
BRDA:457,43,0,0
BRDA:469,44,0,0
BRDA:480,45,0,0
BRDA:523,46,0,0
BRDA:552,47,0,0
BRDA:571,48,0,0
BRDA:615,49,0,0
BRDA:629,50,0,0
BRF:68
BRH:0
end_of_record
TN:
SF:src/lib/websocket/server.ts
FN:39,(anonymous_0)
FN:67,(anonymous_1)
FN:68,(anonymous_2)
FN:105,(anonymous_3)
FN:150,(anonymous_4)
FN:158,(anonymous_5)
FN:162,(anonymous_6)
FN:173,(anonymous_7)
FN:179,(anonymous_8)
FN:184,(anonymous_9)
FN:194,(anonymous_10)
FN:235,(anonymous_11)
FN:261,(anonymous_12)
FN:288,(anonymous_13)
FN:306,(anonymous_14)
FN:326,(anonymous_15)
FN:344,(anonymous_16)
FN:366,(anonymous_17)
FN:384,(anonymous_18)
FN:385,(anonymous_19)
FN:397,(anonymous_20)
FN:409,(anonymous_21)
FN:419,(anonymous_22)
FN:422,(anonymous_23)
FN:430,(anonymous_24)
FN:432,(anonymous_25)
FN:449,(anonymous_26)
FN:455,(anonymous_27)
FN:465,(anonymous_28)
FN:466,(anonymous_29)
FN:470,(anonymous_30)
FN:503,(anonymous_31)
FN:520,(anonymous_32)
FN:521,(anonymous_33)
FN:538,(anonymous_34)
FN:541,(anonymous_35)
FN:549,(anonymous_36)
FN:558,(anonymous_37)
FN:571,(anonymous_38)
FN:585,(anonymous_39)
FN:596,(anonymous_40)
FN:616,(anonymous_41)
FN:638,(anonymous_42)
FN:639,(anonymous_43)
FN:650,(anonymous_44)
FN:660,(anonymous_45)
FN:684,(anonymous_46)
FN:686,(anonymous_47)
FN:698,(anonymous_48)
FN:699,(anonymous_49)
FN:709,getWebSocketServer
FNF:51
FNH:0
FNDA:0,(anonymous_0)
FNDA:0,(anonymous_1)
FNDA:0,(anonymous_2)
FNDA:0,(anonymous_3)
FNDA:0,(anonymous_4)
FNDA:0,(anonymous_5)
FNDA:0,(anonymous_6)
FNDA:0,(anonymous_7)
FNDA:0,(anonymous_8)
FNDA:0,(anonymous_9)
FNDA:0,(anonymous_10)
FNDA:0,(anonymous_11)
FNDA:0,(anonymous_12)
FNDA:0,(anonymous_13)
FNDA:0,(anonymous_14)
FNDA:0,(anonymous_15)
FNDA:0,(anonymous_16)
FNDA:0,(anonymous_17)
FNDA:0,(anonymous_18)
FNDA:0,(anonymous_19)
FNDA:0,(anonymous_20)
FNDA:0,(anonymous_21)
FNDA:0,(anonymous_22)
FNDA:0,(anonymous_23)
FNDA:0,(anonymous_24)
FNDA:0,(anonymous_25)
FNDA:0,(anonymous_26)
FNDA:0,(anonymous_27)
FNDA:0,(anonymous_28)
FNDA:0,(anonymous_29)
FNDA:0,(anonymous_30)
FNDA:0,(anonymous_31)
FNDA:0,(anonymous_32)
FNDA:0,(anonymous_33)
FNDA:0,(anonymous_34)
FNDA:0,(anonymous_35)
FNDA:0,(anonymous_36)
FNDA:0,(anonymous_37)
FNDA:0,(anonymous_38)
FNDA:0,(anonymous_39)
FNDA:0,(anonymous_40)
FNDA:0,(anonymous_41)
FNDA:0,(anonymous_42)
FNDA:0,(anonymous_43)
FNDA:0,(anonymous_44)
FNDA:0,(anonymous_45)
FNDA:0,(anonymous_46)
FNDA:0,(anonymous_47)
FNDA:0,(anonymous_48)
FNDA:0,(anonymous_49)
FNDA:0,getWebSocketServer
DA:7,0
DA:9,0
DA:10,0
DA:29,0
DA:30,0
DA:31,0
DA:32,0
DA:33,0
DA:34,0
DA:35,0
DA:36,0
DA:37,0
DA:40,0
DA:59,0
DA:60,0
DA:61,0
DA:68,0
DA:70,0
DA:71,0
DA:72,0
DA:76,0
DA:77,0
DA:80,0
DA:81,0
DA:83,0
DA:84,0
DA:88,0
DA:89,0
DA:93,0
DA:94,0
DA:95,0
DA:99,0
DA:100,0
DA:104,0
DA:105,0
DA:108,0
DA:109,0
DA:110,0
DA:114,0
DA:125,0
DA:128,0
DA:131,0
DA:134,0
DA:145,0
DA:147,0
DA:150,0
DA:151,0
DA:159,0
DA:162,0
DA:163,0
DA:164,0
DA:165,0
DA:167,0
DA:168,0
DA:173,0
DA:174,0
DA:175,0
DA:179,0
DA:180,0
DA:184,0
DA:185,0
DA:187,0
DA:195,0
DA:197,0
DA:199,0
DA:200,0
DA:201,0
DA:205,0
DA:208,0
DA:209,0
DA:212,0
DA:213,0
DA:216,0
DA:217,0
DA:220,0
DA:221,0
DA:224,0
DA:225,0
DA:228,0
DA:236,0
DA:237,0
DA:239,0
DA:240,0
DA:245,0
DA:247,0
DA:253,0
DA:254,0
DA:262,0
DA:263,0
DA:273,0
DA:281,0
DA:291,0
DA:294,0
DA:307,0
DA:309,0
DA:317,0
DA:319,0
DA:327,0
DA:330,0
DA:345,0
DA:346,0
DA:349,0
DA:350,0
DA:357,0
DA:360,0
DA:367,0
DA:368,0
DA:369,0
DA:371,0
DA:373,0
DA:374,0
DA:376,0
DA:377,0
DA:385,0
DA:386,0
DA:387,0
DA:388,0
DA:389,0
DA:398,0
DA:399,0
DA:410,0
DA:422,0
DA:423,0
DA:431,0
DA:432,0
DA:435,0
DA:436,0
DA:440,0
DA:443,0
DA:450,0
DA:455,0
DA:456,0
DA:459,0
DA:466,0
DA:467,0
DA:468,0
DA:470,0
DA:471,0
DA:474,0
DA:475,0
DA:476,0
DA:477,0
DA:480,0
DA:482,0
DA:483,0
DA:484,0
DA:488,0
DA:489,0
DA:490,0
DA:491,0
DA:493,0
DA:494,0
DA:498,0
DA:503,0
DA:504,0
DA:505,0
DA:506,0
DA:511,0
DA:512,0
DA:521,0
DA:523,0
DA:524,0
DA:528,0
DA:531,0
DA:539,0
DA:541,0
DA:543,0
DA:545,0
DA:549,0
DA:550,0
DA:551,0
DA:559,0
DA:560,0
DA:561,0
DA:572,0
DA:573,0
DA:574,0
DA:578,0
DA:579,0
DA:586,0
DA:587,0
DA:588,0
DA:590,0
DA:597,0
DA:600,0
DA:606,0
DA:608,0
DA:609,0
DA:617,0
DA:618,0
DA:631,0
DA:639,0
DA:651,0
DA:652,0
DA:655,0
DA:656,0
DA:660,0
DA:661,0
DA:662,0
DA:663,0
DA:665,0
DA:668,0
DA:673,0
DA:676,0
DA:678,0
DA:685,0
DA:686,0
DA:695,0
DA:698,0
DA:699,0
DA:707,0
DA:709,0
DA:710,0
DA:711,0
DA:713,0
LF:215
LH:0
BRDA:39,0,0,0
BRDA:70,1,0,0
BRDA:83,2,0,0
BRDA:94,3,0,0
BRDA:108,4,0,0
BRDA:197,5,0,0
BRDA:197,5,1,0
BRDA:197,5,2,0
BRDA:197,5,3,0
BRDA:197,5,4,0
BRDA:197,5,5,0
BRDA:197,5,6,0
BRDA:239,6,0,0
BRDA:239,6,1,0
BRDA:344,7,0,0
BRDA:344,8,0,0
BRDA:368,9,0,0
BRDA:368,9,1,0
BRDA:387,10,0,0
BRDA:387,11,0,0
BRDA:387,11,1,0
BRDA:398,12,0,0
BRDA:401,13,0,0
BRDA:401,13,1,0
BRDA:435,14,0,0
BRDA:474,15,0,0
BRDA:480,16,0,0
BRDA:488,17,0,0
BRDA:488,17,1,0
BRDA:505,18,0,0
BRDA:511,19,0,0
BRDA:523,20,0,0
BRDA:543,21,0,0
BRDA:543,22,0,0
BRDA:543,22,1,0
BRDA:559,23,0,0
BRDA:559,24,0,0
BRDA:559,24,1,0
BRDA:573,25,0,0
BRDA:573,26,0,0
BRDA:573,26,1,0
BRDA:578,27,0,0
BRDA:578,27,1,0
BRDA:587,28,0,0
BRDA:590,29,0,0
BRDA:590,29,1,0
BRDA:621,30,0,0
BRDA:621,30,1,0
BRDA:651,31,0,0
BRDA:655,32,0,0
BRDA:662,33,0,0
BRDA:662,33,1,0
BRDA:701,34,0,0
BRDA:701,34,1,0
BRDA:710,35,0,0
BRF:55
BRH:0
end_of_record
TN:
SF:src/lib/websocket/types.ts
FN:6,(anonymous_0)
FN:15,(anonymous_1)
FN:22,(anonymous_2)
FNF:3
FNH:0
FNDA:0,(anonymous_0)
FNDA:0,(anonymous_1)
FNDA:0,(anonymous_2)
DA:6,0
DA:7,0
DA:8,0
DA:9,0
DA:10,0
DA:11,0
DA:12,0
DA:15,0
DA:16,0
DA:17,0
DA:18,0
DA:19,0
DA:22,0
DA:24,0
DA:25,0
DA:26,0
DA:29,0
DA:30,0
DA:31,0
DA:32,0
DA:35,0
DA:36,0
DA:37,0
LF:23
LH:0
BRDA:6,0,0,0
BRDA:6,0,1,0
BRDA:15,1,0,0
BRDA:15,1,1,0
BRDA:22,2,0,0
BRDA:22,2,1,0
BRF:6
BRH:0
end_of_record
TN:
SF:src/types/backtest.ts
FN:63,isBacktestResults
FNF:1
FNH:0
FNDA:0,isBacktestResults
DA:63,0
DA:64,0
DA:78,0
LF:3
LH:0
BRDA:65,0,0,0
BRDA:65,0,1,0
BRDA:65,0,2,0
BRDA:65,0,3,0
BRDA:65,0,4,0
BRDA:65,0,5,0
BRDA:65,0,6,0
BRF:7
BRH:0
end_of_record
